finish preprocessing /home/kaiyuan/XLP/x1/download//udpos/udpos_processed_maxlen128/ar/dev.xlm-mlm-tlm-xnli15-1024
finish preprocessing /home/kaiyuan/XLP/x1/download//udpos/udpos_processed_maxlen128/ar/test.xlm-mlm-tlm-xnli15-1024
finish preprocessing /home/kaiyuan/XLP/x1/download//udpos/udpos_processed_maxlen128/bg/dev.xlm-mlm-tlm-xnli15-1024
finish preprocessing /home/kaiyuan/XLP/x1/download//udpos/udpos_processed_maxlen128/bg/test.xlm-mlm-tlm-xnli15-1024
finish preprocessing /home/kaiyuan/XLP/x1/download//udpos/udpos_processed_maxlen128/de/dev.xlm-mlm-tlm-xnli15-1024
finish preprocessing /home/kaiyuan/XLP/x1/download//udpos/udpos_processed_maxlen128/de/test.xlm-mlm-tlm-xnli15-1024
finish preprocessing /home/kaiyuan/XLP/x1/download//udpos/udpos_processed_maxlen128/el/dev.xlm-mlm-tlm-xnli15-1024
finish preprocessing /home/kaiyuan/XLP/x1/download//udpos/udpos_processed_maxlen128/el/test.xlm-mlm-tlm-xnli15-1024
finish preprocessing /home/kaiyuan/XLP/x1/download//udpos/udpos_processed_maxlen128/en/dev.xlm-mlm-tlm-xnli15-1024
finish preprocessing /home/kaiyuan/XLP/x1/download//udpos/udpos_processed_maxlen128/en/test.xlm-mlm-tlm-xnli15-1024
finish preprocessing /home/kaiyuan/XLP/x1/download//udpos/udpos_processed_maxlen128/en/train.xlm-mlm-tlm-xnli15-1024
finish preprocessing /home/kaiyuan/XLP/x1/download//udpos/udpos_processed_maxlen128/es/dev.xlm-mlm-tlm-xnli15-1024
finish preprocessing /home/kaiyuan/XLP/x1/download//udpos/udpos_processed_maxlen128/es/test.xlm-mlm-tlm-xnli15-1024
finish preprocessing /home/kaiyuan/XLP/x1/download//udpos/udpos_processed_maxlen128/fr/dev.xlm-mlm-tlm-xnli15-1024
finish preprocessing /home/kaiyuan/XLP/x1/download//udpos/udpos_processed_maxlen128/fr/test.xlm-mlm-tlm-xnli15-1024
finish preprocessing /home/kaiyuan/XLP/x1/download//udpos/udpos_processed_maxlen128/hi/dev.xlm-mlm-tlm-xnli15-1024
finish preprocessing /home/kaiyuan/XLP/x1/download//udpos/udpos_processed_maxlen128/hi/test.xlm-mlm-tlm-xnli15-1024
finish preprocessing /home/kaiyuan/XLP/x1/download//udpos/udpos_processed_maxlen128/ru/dev.xlm-mlm-tlm-xnli15-1024
finish preprocessing /home/kaiyuan/XLP/x1/download//udpos/udpos_processed_maxlen128/ru/test.xlm-mlm-tlm-xnli15-1024
/home/kaiyuan/XLP/x1/download//udpos/dev-th.tsv does not exist
finish preprocessing /home/kaiyuan/XLP/x1/download//udpos/udpos_processed_maxlen128/th/dev.xlm-mlm-tlm-xnli15-1024
finish preprocessing /home/kaiyuan/XLP/x1/download//udpos/udpos_processed_maxlen128/th/test.xlm-mlm-tlm-xnli15-1024
finish preprocessing /home/kaiyuan/XLP/x1/download//udpos/udpos_processed_maxlen128/tr/dev.xlm-mlm-tlm-xnli15-1024
finish preprocessing /home/kaiyuan/XLP/x1/download//udpos/udpos_processed_maxlen128/tr/test.xlm-mlm-tlm-xnli15-1024
finish preprocessing /home/kaiyuan/XLP/x1/download//udpos/udpos_processed_maxlen128/ur/dev.xlm-mlm-tlm-xnli15-1024
finish preprocessing /home/kaiyuan/XLP/x1/download//udpos/udpos_processed_maxlen128/ur/test.xlm-mlm-tlm-xnli15-1024
finish preprocessing /home/kaiyuan/XLP/x1/download//udpos/udpos_processed_maxlen128/vi/dev.xlm-mlm-tlm-xnli15-1024
finish preprocessing /home/kaiyuan/XLP/x1/download//udpos/udpos_processed_maxlen128/vi/test.xlm-mlm-tlm-xnli15-1024
finish preprocessing /home/kaiyuan/XLP/x1/download//udpos/udpos_processed_maxlen128/zh/dev.xlm-mlm-tlm-xnli15-1024
finish preprocessing /home/kaiyuan/XLP/x1/download//udpos/udpos_processed_maxlen128/zh/test.xlm-mlm-tlm-xnli15-1024
finish preprocessing /home/kaiyuan/XLP/token-level/download//udpos/udpos_processed_maxlen128/ar/dev.bert-base-multilingual-cased
finish preprocessing /home/kaiyuan/XLP/token-level/download//udpos/udpos_processed_maxlen128/ar/test.bert-base-multilingual-cased
finish preprocessing /home/kaiyuan/XLP/token-level/download//udpos/udpos_processed_maxlen128/bg/dev.bert-base-multilingual-cased
finish preprocessing /home/kaiyuan/XLP/token-level/download//udpos/udpos_processed_maxlen128/bg/test.bert-base-multilingual-cased
finish preprocessing /home/kaiyuan/XLP/token-level/download//udpos/udpos_processed_maxlen128/de/dev.bert-base-multilingual-cased
finish preprocessing /home/kaiyuan/XLP/token-level/download//udpos/udpos_processed_maxlen128/de/test.bert-base-multilingual-cased
finish preprocessing /home/kaiyuan/XLP/token-level/download//udpos/udpos_processed_maxlen128/el/dev.bert-base-multilingual-cased
finish preprocessing /home/kaiyuan/XLP/token-level/download//udpos/udpos_processed_maxlen128/el/test.bert-base-multilingual-cased
finish preprocessing /home/kaiyuan/XLP/token-level/download//udpos/udpos_processed_maxlen128/en/dev.bert-base-multilingual-cased
finish preprocessing /home/kaiyuan/XLP/token-level/download//udpos/udpos_processed_maxlen128/en/test.bert-base-multilingual-cased
finish preprocessing /home/kaiyuan/XLP/token-level/download//udpos/udpos_processed_maxlen128/en/train.bert-base-multilingual-cased
finish preprocessing /home/kaiyuan/XLP/token-level/download//udpos/udpos_processed_maxlen128/es/dev.bert-base-multilingual-cased
finish preprocessing /home/kaiyuan/XLP/token-level/download//udpos/udpos_processed_maxlen128/es/test.bert-base-multilingual-cased
finish preprocessing /home/kaiyuan/XLP/token-level/download//udpos/udpos_processed_maxlen128/fr/dev.bert-base-multilingual-cased
finish preprocessing /home/kaiyuan/XLP/token-level/download//udpos/udpos_processed_maxlen128/fr/test.bert-base-multilingual-cased
finish preprocessing /home/kaiyuan/XLP/token-level/download//udpos/udpos_processed_maxlen128/hi/dev.bert-base-multilingual-cased
finish preprocessing /home/kaiyuan/XLP/token-level/download//udpos/udpos_processed_maxlen128/hi/test.bert-base-multilingual-cased
finish preprocessing /home/kaiyuan/XLP/token-level/download//udpos/udpos_processed_maxlen128/ru/dev.bert-base-multilingual-cased
finish preprocessing /home/kaiyuan/XLP/token-level/download//udpos/udpos_processed_maxlen128/ru/test.bert-base-multilingual-cased
/home/kaiyuan/XLP/token-level/download//udpos/dev-th.tsv does not exist
finish preprocessing /home/kaiyuan/XLP/token-level/download//udpos/udpos_processed_maxlen128/th/dev.bert-base-multilingual-cased
finish preprocessing /home/kaiyuan/XLP/token-level/download//udpos/udpos_processed_maxlen128/th/test.bert-base-multilingual-cased
finish preprocessing /home/kaiyuan/XLP/token-level/download//udpos/udpos_processed_maxlen128/tr/dev.bert-base-multilingual-cased
finish preprocessing /home/kaiyuan/XLP/token-level/download//udpos/udpos_processed_maxlen128/tr/test.bert-base-multilingual-cased
finish preprocessing /home/kaiyuan/XLP/token-level/download//udpos/udpos_processed_maxlen128/ur/dev.bert-base-multilingual-cased
finish preprocessing /home/kaiyuan/XLP/token-level/download//udpos/udpos_processed_maxlen128/ur/test.bert-base-multilingual-cased
finish preprocessing /home/kaiyuan/XLP/token-level/download//udpos/udpos_processed_maxlen128/vi/dev.bert-base-multilingual-cased
finish preprocessing /home/kaiyuan/XLP/token-level/download//udpos/udpos_processed_maxlen128/vi/test.bert-base-multilingual-cased
finish preprocessing /home/kaiyuan/XLP/token-level/download//udpos/udpos_processed_maxlen128/zh/dev.bert-base-multilingual-cased
finish preprocessing /home/kaiyuan/XLP/token-level/download//udpos/udpos_processed_maxlen128/zh/test.bert-base-multilingual-cased
finish preprocessing /home/kaiyuan/XLP/token-level/download//udpos/udpos_processed_maxlen128/ar/dev.xlm-mlm-xnli15-1024
finish preprocessing /home/kaiyuan/XLP/token-level/download//udpos/udpos_processed_maxlen128/ar/test.xlm-mlm-xnli15-1024
finish preprocessing /home/kaiyuan/XLP/token-level/download//udpos/udpos_processed_maxlen128/bg/dev.xlm-mlm-xnli15-1024
finish preprocessing /home/kaiyuan/XLP/token-level/download//udpos/udpos_processed_maxlen128/bg/test.xlm-mlm-xnli15-1024
finish preprocessing /home/kaiyuan/XLP/token-level/download//udpos/udpos_processed_maxlen128/de/dev.xlm-mlm-xnli15-1024
finish preprocessing /home/kaiyuan/XLP/token-level/download//udpos/udpos_processed_maxlen128/de/test.xlm-mlm-xnli15-1024
finish preprocessing /home/kaiyuan/XLP/token-level/download//udpos/udpos_processed_maxlen128/el/dev.xlm-mlm-xnli15-1024
finish preprocessing /home/kaiyuan/XLP/token-level/download//udpos/udpos_processed_maxlen128/el/test.xlm-mlm-xnli15-1024
finish preprocessing /home/kaiyuan/XLP/token-level/download//udpos/udpos_processed_maxlen128/en/dev.xlm-mlm-xnli15-1024
finish preprocessing /home/kaiyuan/XLP/token-level/download//udpos/udpos_processed_maxlen128/en/test.xlm-mlm-xnli15-1024
finish preprocessing /home/kaiyuan/XLP/token-level/download//udpos/udpos_processed_maxlen128/en/train.xlm-mlm-xnli15-1024
finish preprocessing /home/kaiyuan/XLP/token-level/download//udpos/udpos_processed_maxlen128/es/dev.xlm-mlm-xnli15-1024
finish preprocessing /home/kaiyuan/XLP/token-level/download//udpos/udpos_processed_maxlen128/es/test.xlm-mlm-xnli15-1024
finish preprocessing /home/kaiyuan/XLP/token-level/download//udpos/udpos_processed_maxlen128/fr/dev.xlm-mlm-xnli15-1024
finish preprocessing /home/kaiyuan/XLP/token-level/download//udpos/udpos_processed_maxlen128/fr/test.xlm-mlm-xnli15-1024
finish preprocessing /home/kaiyuan/XLP/token-level/download//udpos/udpos_processed_maxlen128/hi/dev.xlm-mlm-xnli15-1024
finish preprocessing /home/kaiyuan/XLP/token-level/download//udpos/udpos_processed_maxlen128/hi/test.xlm-mlm-xnli15-1024
finish preprocessing /home/kaiyuan/XLP/token-level/download//udpos/udpos_processed_maxlen128/ru/dev.xlm-mlm-xnli15-1024
finish preprocessing /home/kaiyuan/XLP/token-level/download//udpos/udpos_processed_maxlen128/ru/test.xlm-mlm-xnli15-1024
/home/kaiyuan/XLP/token-level/download//udpos/dev-th.tsv does not exist
finish preprocessing /home/kaiyuan/XLP/token-level/download//udpos/udpos_processed_maxlen128/th/dev.xlm-mlm-xnli15-1024
finish preprocessing /home/kaiyuan/XLP/token-level/download//udpos/udpos_processed_maxlen128/th/test.xlm-mlm-xnli15-1024
finish preprocessing /home/kaiyuan/XLP/token-level/download//udpos/udpos_processed_maxlen128/tr/dev.xlm-mlm-xnli15-1024
finish preprocessing /home/kaiyuan/XLP/token-level/download//udpos/udpos_processed_maxlen128/tr/test.xlm-mlm-xnli15-1024
finish preprocessing /home/kaiyuan/XLP/token-level/download//udpos/udpos_processed_maxlen128/ur/dev.xlm-mlm-xnli15-1024
finish preprocessing /home/kaiyuan/XLP/token-level/download//udpos/udpos_processed_maxlen128/ur/test.xlm-mlm-xnli15-1024
finish preprocessing /home/kaiyuan/XLP/token-level/download//udpos/udpos_processed_maxlen128/vi/dev.xlm-mlm-xnli15-1024
finish preprocessing /home/kaiyuan/XLP/token-level/download//udpos/udpos_processed_maxlen128/vi/test.xlm-mlm-xnli15-1024
finish preprocessing /home/kaiyuan/XLP/token-level/download//udpos/udpos_processed_maxlen128/zh/dev.xlm-mlm-xnli15-1024
finish preprocessing /home/kaiyuan/XLP/token-level/download//udpos/udpos_processed_maxlen128/zh/test.xlm-mlm-xnli15-1024
/home/kaiyuan/XLP/token-level/download//udpos/udpos_processed_maxlen128/ar/dev.xlm-mlm-xnli15-1024 and /home/kaiyuan/XLP/token-level/download//udpos/udpos_processed_maxlen128/ar/dev.xlm-mlm-xnli15-1024.idx exist
/home/kaiyuan/XLP/token-level/download//udpos/udpos_processed_maxlen128/ar/test.xlm-mlm-xnli15-1024 and /home/kaiyuan/XLP/token-level/download//udpos/udpos_processed_maxlen128/ar/test.xlm-mlm-xnli15-1024.idx exist
/home/kaiyuan/XLP/token-level/download//udpos/udpos_processed_maxlen128/bg/dev.xlm-mlm-xnli15-1024 and /home/kaiyuan/XLP/token-level/download//udpos/udpos_processed_maxlen128/bg/dev.xlm-mlm-xnli15-1024.idx exist
/home/kaiyuan/XLP/token-level/download//udpos/udpos_processed_maxlen128/bg/test.xlm-mlm-xnli15-1024 and /home/kaiyuan/XLP/token-level/download//udpos/udpos_processed_maxlen128/bg/test.xlm-mlm-xnli15-1024.idx exist
/home/kaiyuan/XLP/token-level/download//udpos/udpos_processed_maxlen128/de/dev.xlm-mlm-xnli15-1024 and /home/kaiyuan/XLP/token-level/download//udpos/udpos_processed_maxlen128/de/dev.xlm-mlm-xnli15-1024.idx exist
/home/kaiyuan/XLP/token-level/download//udpos/udpos_processed_maxlen128/de/test.xlm-mlm-xnli15-1024 and /home/kaiyuan/XLP/token-level/download//udpos/udpos_processed_maxlen128/de/test.xlm-mlm-xnli15-1024.idx exist
/home/kaiyuan/XLP/token-level/download//udpos/udpos_processed_maxlen128/el/dev.xlm-mlm-xnli15-1024 and /home/kaiyuan/XLP/token-level/download//udpos/udpos_processed_maxlen128/el/dev.xlm-mlm-xnli15-1024.idx exist
/home/kaiyuan/XLP/token-level/download//udpos/udpos_processed_maxlen128/el/test.xlm-mlm-xnli15-1024 and /home/kaiyuan/XLP/token-level/download//udpos/udpos_processed_maxlen128/el/test.xlm-mlm-xnli15-1024.idx exist
/home/kaiyuan/XLP/token-level/download//udpos/udpos_processed_maxlen128/en/dev.xlm-mlm-xnli15-1024 and /home/kaiyuan/XLP/token-level/download//udpos/udpos_processed_maxlen128/en/dev.xlm-mlm-xnli15-1024.idx exist
/home/kaiyuan/XLP/token-level/download//udpos/udpos_processed_maxlen128/en/test.xlm-mlm-xnli15-1024 and /home/kaiyuan/XLP/token-level/download//udpos/udpos_processed_maxlen128/en/test.xlm-mlm-xnli15-1024.idx exist
/home/kaiyuan/XLP/token-level/download//udpos/udpos_processed_maxlen128/en/train.xlm-mlm-xnli15-1024 and /home/kaiyuan/XLP/token-level/download//udpos/udpos_processed_maxlen128/en/train.xlm-mlm-xnli15-1024.idx exist
/home/kaiyuan/XLP/token-level/download//udpos/udpos_processed_maxlen128/es/dev.xlm-mlm-xnli15-1024 and /home/kaiyuan/XLP/token-level/download//udpos/udpos_processed_maxlen128/es/dev.xlm-mlm-xnli15-1024.idx exist
/home/kaiyuan/XLP/token-level/download//udpos/udpos_processed_maxlen128/es/test.xlm-mlm-xnli15-1024 and /home/kaiyuan/XLP/token-level/download//udpos/udpos_processed_maxlen128/es/test.xlm-mlm-xnli15-1024.idx exist
/home/kaiyuan/XLP/token-level/download//udpos/udpos_processed_maxlen128/fr/dev.xlm-mlm-xnli15-1024 and /home/kaiyuan/XLP/token-level/download//udpos/udpos_processed_maxlen128/fr/dev.xlm-mlm-xnli15-1024.idx exist
/home/kaiyuan/XLP/token-level/download//udpos/udpos_processed_maxlen128/fr/test.xlm-mlm-xnli15-1024 and /home/kaiyuan/XLP/token-level/download//udpos/udpos_processed_maxlen128/fr/test.xlm-mlm-xnli15-1024.idx exist
/home/kaiyuan/XLP/token-level/download//udpos/udpos_processed_maxlen128/hi/dev.xlm-mlm-xnli15-1024 and /home/kaiyuan/XLP/token-level/download//udpos/udpos_processed_maxlen128/hi/dev.xlm-mlm-xnli15-1024.idx exist
/home/kaiyuan/XLP/token-level/download//udpos/udpos_processed_maxlen128/hi/test.xlm-mlm-xnli15-1024 and /home/kaiyuan/XLP/token-level/download//udpos/udpos_processed_maxlen128/hi/test.xlm-mlm-xnli15-1024.idx exist
/home/kaiyuan/XLP/token-level/download//udpos/udpos_processed_maxlen128/ru/dev.xlm-mlm-xnli15-1024 and /home/kaiyuan/XLP/token-level/download//udpos/udpos_processed_maxlen128/ru/dev.xlm-mlm-xnli15-1024.idx exist
/home/kaiyuan/XLP/token-level/download//udpos/udpos_processed_maxlen128/ru/test.xlm-mlm-xnli15-1024 and /home/kaiyuan/XLP/token-level/download//udpos/udpos_processed_maxlen128/ru/test.xlm-mlm-xnli15-1024.idx exist
/home/kaiyuan/XLP/token-level/download//udpos/dev-th.tsv does not exist
finish preprocessing /home/kaiyuan/XLP/token-level/download//udpos/udpos_processed_maxlen128/th/dev.xlm-mlm-xnli15-1024
/home/kaiyuan/XLP/token-level/download//udpos/udpos_processed_maxlen128/th/test.xlm-mlm-xnli15-1024 and /home/kaiyuan/XLP/token-level/download//udpos/udpos_processed_maxlen128/th/test.xlm-mlm-xnli15-1024.idx exist
/home/kaiyuan/XLP/token-level/download//udpos/udpos_processed_maxlen128/tr/dev.xlm-mlm-xnli15-1024 and /home/kaiyuan/XLP/token-level/download//udpos/udpos_processed_maxlen128/tr/dev.xlm-mlm-xnli15-1024.idx exist
/home/kaiyuan/XLP/token-level/download//udpos/udpos_processed_maxlen128/tr/test.xlm-mlm-xnli15-1024 and /home/kaiyuan/XLP/token-level/download//udpos/udpos_processed_maxlen128/tr/test.xlm-mlm-xnli15-1024.idx exist
/home/kaiyuan/XLP/token-level/download//udpos/udpos_processed_maxlen128/ur/dev.xlm-mlm-xnli15-1024 and /home/kaiyuan/XLP/token-level/download//udpos/udpos_processed_maxlen128/ur/dev.xlm-mlm-xnli15-1024.idx exist
/home/kaiyuan/XLP/token-level/download//udpos/udpos_processed_maxlen128/ur/test.xlm-mlm-xnli15-1024 and /home/kaiyuan/XLP/token-level/download//udpos/udpos_processed_maxlen128/ur/test.xlm-mlm-xnli15-1024.idx exist
/home/kaiyuan/XLP/token-level/download//udpos/udpos_processed_maxlen128/vi/dev.xlm-mlm-xnli15-1024 and /home/kaiyuan/XLP/token-level/download//udpos/udpos_processed_maxlen128/vi/dev.xlm-mlm-xnli15-1024.idx exist
/home/kaiyuan/XLP/token-level/download//udpos/udpos_processed_maxlen128/vi/test.xlm-mlm-xnli15-1024 and /home/kaiyuan/XLP/token-level/download//udpos/udpos_processed_maxlen128/vi/test.xlm-mlm-xnli15-1024.idx exist
/home/kaiyuan/XLP/token-level/download//udpos/udpos_processed_maxlen128/zh/dev.xlm-mlm-xnli15-1024 and /home/kaiyuan/XLP/token-level/download//udpos/udpos_processed_maxlen128/zh/dev.xlm-mlm-xnli15-1024.idx exist
/home/kaiyuan/XLP/token-level/download//udpos/udpos_processed_maxlen128/zh/test.xlm-mlm-xnli15-1024 and /home/kaiyuan/XLP/token-level/download//udpos/udpos_processed_maxlen128/zh/test.xlm-mlm-xnli15-1024.idx exist
/home/kaiyuan/XLP/token-level/download//udpos/udpos_processed_maxlen128/ar/dev.xlm-mlm-xnli15-1024 and /home/kaiyuan/XLP/token-level/download//udpos/udpos_processed_maxlen128/ar/dev.xlm-mlm-xnli15-1024.idx exist
/home/kaiyuan/XLP/token-level/download//udpos/udpos_processed_maxlen128/ar/test.xlm-mlm-xnli15-1024 and /home/kaiyuan/XLP/token-level/download//udpos/udpos_processed_maxlen128/ar/test.xlm-mlm-xnli15-1024.idx exist
/home/kaiyuan/XLP/token-level/download//udpos/udpos_processed_maxlen128/bg/dev.xlm-mlm-xnli15-1024 and /home/kaiyuan/XLP/token-level/download//udpos/udpos_processed_maxlen128/bg/dev.xlm-mlm-xnli15-1024.idx exist
/home/kaiyuan/XLP/token-level/download//udpos/udpos_processed_maxlen128/bg/test.xlm-mlm-xnli15-1024 and /home/kaiyuan/XLP/token-level/download//udpos/udpos_processed_maxlen128/bg/test.xlm-mlm-xnli15-1024.idx exist
/home/kaiyuan/XLP/token-level/download//udpos/udpos_processed_maxlen128/de/dev.xlm-mlm-xnli15-1024 and /home/kaiyuan/XLP/token-level/download//udpos/udpos_processed_maxlen128/de/dev.xlm-mlm-xnli15-1024.idx exist
/home/kaiyuan/XLP/token-level/download//udpos/udpos_processed_maxlen128/de/test.xlm-mlm-xnli15-1024 and /home/kaiyuan/XLP/token-level/download//udpos/udpos_processed_maxlen128/de/test.xlm-mlm-xnli15-1024.idx exist
/home/kaiyuan/XLP/token-level/download//udpos/udpos_processed_maxlen128/el/dev.xlm-mlm-xnli15-1024 and /home/kaiyuan/XLP/token-level/download//udpos/udpos_processed_maxlen128/el/dev.xlm-mlm-xnli15-1024.idx exist
/home/kaiyuan/XLP/token-level/download//udpos/udpos_processed_maxlen128/el/test.xlm-mlm-xnli15-1024 and /home/kaiyuan/XLP/token-level/download//udpos/udpos_processed_maxlen128/el/test.xlm-mlm-xnli15-1024.idx exist
/home/kaiyuan/XLP/token-level/download//udpos/udpos_processed_maxlen128/en/dev.xlm-mlm-xnli15-1024 and /home/kaiyuan/XLP/token-level/download//udpos/udpos_processed_maxlen128/en/dev.xlm-mlm-xnli15-1024.idx exist
/home/kaiyuan/XLP/token-level/download//udpos/udpos_processed_maxlen128/en/test.xlm-mlm-xnli15-1024 and /home/kaiyuan/XLP/token-level/download//udpos/udpos_processed_maxlen128/en/test.xlm-mlm-xnli15-1024.idx exist
/home/kaiyuan/XLP/token-level/download//udpos/udpos_processed_maxlen128/en/train.xlm-mlm-xnli15-1024 and /home/kaiyuan/XLP/token-level/download//udpos/udpos_processed_maxlen128/en/train.xlm-mlm-xnli15-1024.idx exist
/home/kaiyuan/XLP/token-level/download//udpos/udpos_processed_maxlen128/es/dev.xlm-mlm-xnli15-1024 and /home/kaiyuan/XLP/token-level/download//udpos/udpos_processed_maxlen128/es/dev.xlm-mlm-xnli15-1024.idx exist
/home/kaiyuan/XLP/token-level/download//udpos/udpos_processed_maxlen128/es/test.xlm-mlm-xnli15-1024 and /home/kaiyuan/XLP/token-level/download//udpos/udpos_processed_maxlen128/es/test.xlm-mlm-xnli15-1024.idx exist
/home/kaiyuan/XLP/token-level/download//udpos/udpos_processed_maxlen128/fr/dev.xlm-mlm-xnli15-1024 and /home/kaiyuan/XLP/token-level/download//udpos/udpos_processed_maxlen128/fr/dev.xlm-mlm-xnli15-1024.idx exist
/home/kaiyuan/XLP/token-level/download//udpos/udpos_processed_maxlen128/fr/test.xlm-mlm-xnli15-1024 and /home/kaiyuan/XLP/token-level/download//udpos/udpos_processed_maxlen128/fr/test.xlm-mlm-xnli15-1024.idx exist
/home/kaiyuan/XLP/token-level/download//udpos/udpos_processed_maxlen128/hi/dev.xlm-mlm-xnli15-1024 and /home/kaiyuan/XLP/token-level/download//udpos/udpos_processed_maxlen128/hi/dev.xlm-mlm-xnli15-1024.idx exist
/home/kaiyuan/XLP/token-level/download//udpos/udpos_processed_maxlen128/hi/test.xlm-mlm-xnli15-1024 and /home/kaiyuan/XLP/token-level/download//udpos/udpos_processed_maxlen128/hi/test.xlm-mlm-xnli15-1024.idx exist
/home/kaiyuan/XLP/token-level/download//udpos/udpos_processed_maxlen128/ru/dev.xlm-mlm-xnli15-1024 and /home/kaiyuan/XLP/token-level/download//udpos/udpos_processed_maxlen128/ru/dev.xlm-mlm-xnli15-1024.idx exist
/home/kaiyuan/XLP/token-level/download//udpos/udpos_processed_maxlen128/ru/test.xlm-mlm-xnli15-1024 and /home/kaiyuan/XLP/token-level/download//udpos/udpos_processed_maxlen128/ru/test.xlm-mlm-xnli15-1024.idx exist
/home/kaiyuan/XLP/token-level/download//udpos/dev-th.tsv does not exist
finish preprocessing /home/kaiyuan/XLP/token-level/download//udpos/udpos_processed_maxlen128/th/dev.xlm-mlm-xnli15-1024
/home/kaiyuan/XLP/token-level/download//udpos/udpos_processed_maxlen128/th/test.xlm-mlm-xnli15-1024 and /home/kaiyuan/XLP/token-level/download//udpos/udpos_processed_maxlen128/th/test.xlm-mlm-xnli15-1024.idx exist
/home/kaiyuan/XLP/token-level/download//udpos/udpos_processed_maxlen128/tr/dev.xlm-mlm-xnli15-1024 and /home/kaiyuan/XLP/token-level/download//udpos/udpos_processed_maxlen128/tr/dev.xlm-mlm-xnli15-1024.idx exist
/home/kaiyuan/XLP/token-level/download//udpos/udpos_processed_maxlen128/tr/test.xlm-mlm-xnli15-1024 and /home/kaiyuan/XLP/token-level/download//udpos/udpos_processed_maxlen128/tr/test.xlm-mlm-xnli15-1024.idx exist
/home/kaiyuan/XLP/token-level/download//udpos/udpos_processed_maxlen128/ur/dev.xlm-mlm-xnli15-1024 and /home/kaiyuan/XLP/token-level/download//udpos/udpos_processed_maxlen128/ur/dev.xlm-mlm-xnli15-1024.idx exist
/home/kaiyuan/XLP/token-level/download//udpos/udpos_processed_maxlen128/ur/test.xlm-mlm-xnli15-1024 and /home/kaiyuan/XLP/token-level/download//udpos/udpos_processed_maxlen128/ur/test.xlm-mlm-xnli15-1024.idx exist
/home/kaiyuan/XLP/token-level/download//udpos/udpos_processed_maxlen128/vi/dev.xlm-mlm-xnli15-1024 and /home/kaiyuan/XLP/token-level/download//udpos/udpos_processed_maxlen128/vi/dev.xlm-mlm-xnli15-1024.idx exist
/home/kaiyuan/XLP/token-level/download//udpos/udpos_processed_maxlen128/vi/test.xlm-mlm-xnli15-1024 and /home/kaiyuan/XLP/token-level/download//udpos/udpos_processed_maxlen128/vi/test.xlm-mlm-xnli15-1024.idx exist
/home/kaiyuan/XLP/token-level/download//udpos/udpos_processed_maxlen128/zh/dev.xlm-mlm-xnli15-1024 and /home/kaiyuan/XLP/token-level/download//udpos/udpos_processed_maxlen128/zh/dev.xlm-mlm-xnli15-1024.idx exist
/home/kaiyuan/XLP/token-level/download//udpos/udpos_processed_maxlen128/zh/test.xlm-mlm-xnli15-1024 and /home/kaiyuan/XLP/token-level/download//udpos/udpos_processed_maxlen128/zh/test.xlm-mlm-xnli15-1024.idx exist
/home/kaiyuan/XLP/token-level/download//udpos/udpos_processed_maxlen128/ar/dev.xlm-mlm-xnli15-1024 and /home/kaiyuan/XLP/token-level/download//udpos/udpos_processed_maxlen128/ar/dev.xlm-mlm-xnli15-1024.idx exist
/home/kaiyuan/XLP/token-level/download//udpos/udpos_processed_maxlen128/ar/test.xlm-mlm-xnli15-1024 and /home/kaiyuan/XLP/token-level/download//udpos/udpos_processed_maxlen128/ar/test.xlm-mlm-xnli15-1024.idx exist
/home/kaiyuan/XLP/token-level/download//udpos/udpos_processed_maxlen128/bg/dev.xlm-mlm-xnli15-1024 and /home/kaiyuan/XLP/token-level/download//udpos/udpos_processed_maxlen128/bg/dev.xlm-mlm-xnli15-1024.idx exist
/home/kaiyuan/XLP/token-level/download//udpos/udpos_processed_maxlen128/bg/test.xlm-mlm-xnli15-1024 and /home/kaiyuan/XLP/token-level/download//udpos/udpos_processed_maxlen128/bg/test.xlm-mlm-xnli15-1024.idx exist
/home/kaiyuan/XLP/token-level/download//udpos/udpos_processed_maxlen128/de/dev.xlm-mlm-xnli15-1024 and /home/kaiyuan/XLP/token-level/download//udpos/udpos_processed_maxlen128/de/dev.xlm-mlm-xnli15-1024.idx exist
/home/kaiyuan/XLP/token-level/download//udpos/udpos_processed_maxlen128/de/test.xlm-mlm-xnli15-1024 and /home/kaiyuan/XLP/token-level/download//udpos/udpos_processed_maxlen128/de/test.xlm-mlm-xnli15-1024.idx exist
/home/kaiyuan/XLP/token-level/download//udpos/udpos_processed_maxlen128/el/dev.xlm-mlm-xnli15-1024 and /home/kaiyuan/XLP/token-level/download//udpos/udpos_processed_maxlen128/el/dev.xlm-mlm-xnli15-1024.idx exist
/home/kaiyuan/XLP/token-level/download//udpos/udpos_processed_maxlen128/el/test.xlm-mlm-xnli15-1024 and /home/kaiyuan/XLP/token-level/download//udpos/udpos_processed_maxlen128/el/test.xlm-mlm-xnli15-1024.idx exist
/home/kaiyuan/XLP/token-level/download//udpos/udpos_processed_maxlen128/en/dev.xlm-mlm-xnli15-1024 and /home/kaiyuan/XLP/token-level/download//udpos/udpos_processed_maxlen128/en/dev.xlm-mlm-xnli15-1024.idx exist
/home/kaiyuan/XLP/token-level/download//udpos/udpos_processed_maxlen128/en/test.xlm-mlm-xnli15-1024 and /home/kaiyuan/XLP/token-level/download//udpos/udpos_processed_maxlen128/en/test.xlm-mlm-xnli15-1024.idx exist
/home/kaiyuan/XLP/token-level/download//udpos/udpos_processed_maxlen128/en/train.xlm-mlm-xnli15-1024 and /home/kaiyuan/XLP/token-level/download//udpos/udpos_processed_maxlen128/en/train.xlm-mlm-xnli15-1024.idx exist
/home/kaiyuan/XLP/token-level/download//udpos/udpos_processed_maxlen128/es/dev.xlm-mlm-xnli15-1024 and /home/kaiyuan/XLP/token-level/download//udpos/udpos_processed_maxlen128/es/dev.xlm-mlm-xnli15-1024.idx exist
/home/kaiyuan/XLP/token-level/download//udpos/udpos_processed_maxlen128/es/test.xlm-mlm-xnli15-1024 and /home/kaiyuan/XLP/token-level/download//udpos/udpos_processed_maxlen128/es/test.xlm-mlm-xnli15-1024.idx exist
/home/kaiyuan/XLP/token-level/download//udpos/udpos_processed_maxlen128/fr/dev.xlm-mlm-xnli15-1024 and /home/kaiyuan/XLP/token-level/download//udpos/udpos_processed_maxlen128/fr/dev.xlm-mlm-xnli15-1024.idx exist
/home/kaiyuan/XLP/token-level/download//udpos/udpos_processed_maxlen128/fr/test.xlm-mlm-xnli15-1024 and /home/kaiyuan/XLP/token-level/download//udpos/udpos_processed_maxlen128/fr/test.xlm-mlm-xnli15-1024.idx exist
/home/kaiyuan/XLP/token-level/download//udpos/udpos_processed_maxlen128/hi/dev.xlm-mlm-xnli15-1024 and /home/kaiyuan/XLP/token-level/download//udpos/udpos_processed_maxlen128/hi/dev.xlm-mlm-xnli15-1024.idx exist
/home/kaiyuan/XLP/token-level/download//udpos/udpos_processed_maxlen128/hi/test.xlm-mlm-xnli15-1024 and /home/kaiyuan/XLP/token-level/download//udpos/udpos_processed_maxlen128/hi/test.xlm-mlm-xnli15-1024.idx exist
/home/kaiyuan/XLP/token-level/download//udpos/udpos_processed_maxlen128/ru/dev.xlm-mlm-xnli15-1024 and /home/kaiyuan/XLP/token-level/download//udpos/udpos_processed_maxlen128/ru/dev.xlm-mlm-xnli15-1024.idx exist
/home/kaiyuan/XLP/token-level/download//udpos/udpos_processed_maxlen128/ru/test.xlm-mlm-xnli15-1024 and /home/kaiyuan/XLP/token-level/download//udpos/udpos_processed_maxlen128/ru/test.xlm-mlm-xnli15-1024.idx exist
/home/kaiyuan/XLP/token-level/download//udpos/dev-th.tsv does not exist
finish preprocessing /home/kaiyuan/XLP/token-level/download//udpos/udpos_processed_maxlen128/th/dev.xlm-mlm-xnli15-1024
/home/kaiyuan/XLP/token-level/download//udpos/udpos_processed_maxlen128/th/test.xlm-mlm-xnli15-1024 and /home/kaiyuan/XLP/token-level/download//udpos/udpos_processed_maxlen128/th/test.xlm-mlm-xnli15-1024.idx exist
/home/kaiyuan/XLP/token-level/download//udpos/udpos_processed_maxlen128/tr/dev.xlm-mlm-xnli15-1024 and /home/kaiyuan/XLP/token-level/download//udpos/udpos_processed_maxlen128/tr/dev.xlm-mlm-xnli15-1024.idx exist
/home/kaiyuan/XLP/token-level/download//udpos/udpos_processed_maxlen128/tr/test.xlm-mlm-xnli15-1024 and /home/kaiyuan/XLP/token-level/download//udpos/udpos_processed_maxlen128/tr/test.xlm-mlm-xnli15-1024.idx exist
/home/kaiyuan/XLP/token-level/download//udpos/udpos_processed_maxlen128/ur/dev.xlm-mlm-xnli15-1024 and /home/kaiyuan/XLP/token-level/download//udpos/udpos_processed_maxlen128/ur/dev.xlm-mlm-xnli15-1024.idx exist
/home/kaiyuan/XLP/token-level/download//udpos/udpos_processed_maxlen128/ur/test.xlm-mlm-xnli15-1024 and /home/kaiyuan/XLP/token-level/download//udpos/udpos_processed_maxlen128/ur/test.xlm-mlm-xnli15-1024.idx exist
/home/kaiyuan/XLP/token-level/download//udpos/udpos_processed_maxlen128/vi/dev.xlm-mlm-xnli15-1024 and /home/kaiyuan/XLP/token-level/download//udpos/udpos_processed_maxlen128/vi/dev.xlm-mlm-xnli15-1024.idx exist
/home/kaiyuan/XLP/token-level/download//udpos/udpos_processed_maxlen128/vi/test.xlm-mlm-xnli15-1024 and /home/kaiyuan/XLP/token-level/download//udpos/udpos_processed_maxlen128/vi/test.xlm-mlm-xnli15-1024.idx exist
/home/kaiyuan/XLP/token-level/download//udpos/udpos_processed_maxlen128/zh/dev.xlm-mlm-xnli15-1024 and /home/kaiyuan/XLP/token-level/download//udpos/udpos_processed_maxlen128/zh/dev.xlm-mlm-xnli15-1024.idx exist
/home/kaiyuan/XLP/token-level/download//udpos/udpos_processed_maxlen128/zh/test.xlm-mlm-xnli15-1024 and /home/kaiyuan/XLP/token-level/download//udpos/udpos_processed_maxlen128/zh/test.xlm-mlm-xnli15-1024.idx exist
/home/kaiyuan/XLP/token-level/download//udpos/udpos_processed_maxlen128/ar/dev.xlm-mlm-xnli15-1024 and /home/kaiyuan/XLP/token-level/download//udpos/udpos_processed_maxlen128/ar/dev.xlm-mlm-xnli15-1024.idx exist
/home/kaiyuan/XLP/token-level/download//udpos/udpos_processed_maxlen128/ar/test.xlm-mlm-xnli15-1024 and /home/kaiyuan/XLP/token-level/download//udpos/udpos_processed_maxlen128/ar/test.xlm-mlm-xnli15-1024.idx exist
/home/kaiyuan/XLP/token-level/download//udpos/udpos_processed_maxlen128/bg/dev.xlm-mlm-xnli15-1024 and /home/kaiyuan/XLP/token-level/download//udpos/udpos_processed_maxlen128/bg/dev.xlm-mlm-xnli15-1024.idx exist
/home/kaiyuan/XLP/token-level/download//udpos/udpos_processed_maxlen128/bg/test.xlm-mlm-xnli15-1024 and /home/kaiyuan/XLP/token-level/download//udpos/udpos_processed_maxlen128/bg/test.xlm-mlm-xnli15-1024.idx exist
/home/kaiyuan/XLP/token-level/download//udpos/udpos_processed_maxlen128/de/dev.xlm-mlm-xnli15-1024 and /home/kaiyuan/XLP/token-level/download//udpos/udpos_processed_maxlen128/de/dev.xlm-mlm-xnli15-1024.idx exist
/home/kaiyuan/XLP/token-level/download//udpos/udpos_processed_maxlen128/de/test.xlm-mlm-xnli15-1024 and /home/kaiyuan/XLP/token-level/download//udpos/udpos_processed_maxlen128/de/test.xlm-mlm-xnli15-1024.idx exist
/home/kaiyuan/XLP/token-level/download//udpos/udpos_processed_maxlen128/el/dev.xlm-mlm-xnli15-1024 and /home/kaiyuan/XLP/token-level/download//udpos/udpos_processed_maxlen128/el/dev.xlm-mlm-xnli15-1024.idx exist
/home/kaiyuan/XLP/token-level/download//udpos/udpos_processed_maxlen128/el/test.xlm-mlm-xnli15-1024 and /home/kaiyuan/XLP/token-level/download//udpos/udpos_processed_maxlen128/el/test.xlm-mlm-xnli15-1024.idx exist
/home/kaiyuan/XLP/token-level/download//udpos/udpos_processed_maxlen128/en/dev.xlm-mlm-xnli15-1024 and /home/kaiyuan/XLP/token-level/download//udpos/udpos_processed_maxlen128/en/dev.xlm-mlm-xnli15-1024.idx exist
/home/kaiyuan/XLP/token-level/download//udpos/udpos_processed_maxlen128/en/test.xlm-mlm-xnli15-1024 and /home/kaiyuan/XLP/token-level/download//udpos/udpos_processed_maxlen128/en/test.xlm-mlm-xnli15-1024.idx exist
/home/kaiyuan/XLP/token-level/download//udpos/udpos_processed_maxlen128/en/train.xlm-mlm-xnli15-1024 and /home/kaiyuan/XLP/token-level/download//udpos/udpos_processed_maxlen128/en/train.xlm-mlm-xnli15-1024.idx exist
/home/kaiyuan/XLP/token-level/download//udpos/udpos_processed_maxlen128/es/dev.xlm-mlm-xnli15-1024 and /home/kaiyuan/XLP/token-level/download//udpos/udpos_processed_maxlen128/es/dev.xlm-mlm-xnli15-1024.idx exist
/home/kaiyuan/XLP/token-level/download//udpos/udpos_processed_maxlen128/es/test.xlm-mlm-xnli15-1024 and /home/kaiyuan/XLP/token-level/download//udpos/udpos_processed_maxlen128/es/test.xlm-mlm-xnli15-1024.idx exist
/home/kaiyuan/XLP/token-level/download//udpos/udpos_processed_maxlen128/fr/dev.xlm-mlm-xnli15-1024 and /home/kaiyuan/XLP/token-level/download//udpos/udpos_processed_maxlen128/fr/dev.xlm-mlm-xnli15-1024.idx exist
/home/kaiyuan/XLP/token-level/download//udpos/udpos_processed_maxlen128/fr/test.xlm-mlm-xnli15-1024 and /home/kaiyuan/XLP/token-level/download//udpos/udpos_processed_maxlen128/fr/test.xlm-mlm-xnli15-1024.idx exist
/home/kaiyuan/XLP/token-level/download//udpos/udpos_processed_maxlen128/hi/dev.xlm-mlm-xnli15-1024 and /home/kaiyuan/XLP/token-level/download//udpos/udpos_processed_maxlen128/hi/dev.xlm-mlm-xnli15-1024.idx exist
/home/kaiyuan/XLP/token-level/download//udpos/udpos_processed_maxlen128/hi/test.xlm-mlm-xnli15-1024 and /home/kaiyuan/XLP/token-level/download//udpos/udpos_processed_maxlen128/hi/test.xlm-mlm-xnli15-1024.idx exist
/home/kaiyuan/XLP/token-level/download//udpos/udpos_processed_maxlen128/ru/dev.xlm-mlm-xnli15-1024 and /home/kaiyuan/XLP/token-level/download//udpos/udpos_processed_maxlen128/ru/dev.xlm-mlm-xnli15-1024.idx exist
/home/kaiyuan/XLP/token-level/download//udpos/udpos_processed_maxlen128/ru/test.xlm-mlm-xnli15-1024 and /home/kaiyuan/XLP/token-level/download//udpos/udpos_processed_maxlen128/ru/test.xlm-mlm-xnli15-1024.idx exist
/home/kaiyuan/XLP/token-level/download//udpos/dev-th.tsv does not exist
finish preprocessing /home/kaiyuan/XLP/token-level/download//udpos/udpos_processed_maxlen128/th/dev.xlm-mlm-xnli15-1024
/home/kaiyuan/XLP/token-level/download//udpos/udpos_processed_maxlen128/th/test.xlm-mlm-xnli15-1024 and /home/kaiyuan/XLP/token-level/download//udpos/udpos_processed_maxlen128/th/test.xlm-mlm-xnli15-1024.idx exist
/home/kaiyuan/XLP/token-level/download//udpos/udpos_processed_maxlen128/tr/dev.xlm-mlm-xnli15-1024 and /home/kaiyuan/XLP/token-level/download//udpos/udpos_processed_maxlen128/tr/dev.xlm-mlm-xnli15-1024.idx exist
/home/kaiyuan/XLP/token-level/download//udpos/udpos_processed_maxlen128/tr/test.xlm-mlm-xnli15-1024 and /home/kaiyuan/XLP/token-level/download//udpos/udpos_processed_maxlen128/tr/test.xlm-mlm-xnli15-1024.idx exist
/home/kaiyuan/XLP/token-level/download//udpos/udpos_processed_maxlen128/ur/dev.xlm-mlm-xnli15-1024 and /home/kaiyuan/XLP/token-level/download//udpos/udpos_processed_maxlen128/ur/dev.xlm-mlm-xnli15-1024.idx exist
/home/kaiyuan/XLP/token-level/download//udpos/udpos_processed_maxlen128/ur/test.xlm-mlm-xnli15-1024 and /home/kaiyuan/XLP/token-level/download//udpos/udpos_processed_maxlen128/ur/test.xlm-mlm-xnli15-1024.idx exist
/home/kaiyuan/XLP/token-level/download//udpos/udpos_processed_maxlen128/vi/dev.xlm-mlm-xnli15-1024 and /home/kaiyuan/XLP/token-level/download//udpos/udpos_processed_maxlen128/vi/dev.xlm-mlm-xnli15-1024.idx exist
/home/kaiyuan/XLP/token-level/download//udpos/udpos_processed_maxlen128/vi/test.xlm-mlm-xnli15-1024 and /home/kaiyuan/XLP/token-level/download//udpos/udpos_processed_maxlen128/vi/test.xlm-mlm-xnli15-1024.idx exist
/home/kaiyuan/XLP/token-level/download//udpos/udpos_processed_maxlen128/zh/dev.xlm-mlm-xnli15-1024 and /home/kaiyuan/XLP/token-level/download//udpos/udpos_processed_maxlen128/zh/dev.xlm-mlm-xnli15-1024.idx exist
/home/kaiyuan/XLP/token-level/download//udpos/udpos_processed_maxlen128/zh/test.xlm-mlm-xnli15-1024 and /home/kaiyuan/XLP/token-level/download//udpos/udpos_processed_maxlen128/zh/test.xlm-mlm-xnli15-1024.idx exist
/home/kaiyuan/XLP/token-level/download//udpos/udpos_processed_maxlen128/ar/dev.xlm-mlm-xnli15-1024 and /home/kaiyuan/XLP/token-level/download//udpos/udpos_processed_maxlen128/ar/dev.xlm-mlm-xnli15-1024.idx exist
/home/kaiyuan/XLP/token-level/download//udpos/udpos_processed_maxlen128/ar/test.xlm-mlm-xnli15-1024 and /home/kaiyuan/XLP/token-level/download//udpos/udpos_processed_maxlen128/ar/test.xlm-mlm-xnli15-1024.idx exist
/home/kaiyuan/XLP/token-level/download//udpos/udpos_processed_maxlen128/bg/dev.xlm-mlm-xnli15-1024 and /home/kaiyuan/XLP/token-level/download//udpos/udpos_processed_maxlen128/bg/dev.xlm-mlm-xnli15-1024.idx exist
/home/kaiyuan/XLP/token-level/download//udpos/udpos_processed_maxlen128/bg/test.xlm-mlm-xnli15-1024 and /home/kaiyuan/XLP/token-level/download//udpos/udpos_processed_maxlen128/bg/test.xlm-mlm-xnli15-1024.idx exist
/home/kaiyuan/XLP/token-level/download//udpos/udpos_processed_maxlen128/de/dev.xlm-mlm-xnli15-1024 and /home/kaiyuan/XLP/token-level/download//udpos/udpos_processed_maxlen128/de/dev.xlm-mlm-xnli15-1024.idx exist
/home/kaiyuan/XLP/token-level/download//udpos/udpos_processed_maxlen128/de/test.xlm-mlm-xnli15-1024 and /home/kaiyuan/XLP/token-level/download//udpos/udpos_processed_maxlen128/de/test.xlm-mlm-xnli15-1024.idx exist
/home/kaiyuan/XLP/token-level/download//udpos/udpos_processed_maxlen128/el/dev.xlm-mlm-xnli15-1024 and /home/kaiyuan/XLP/token-level/download//udpos/udpos_processed_maxlen128/el/dev.xlm-mlm-xnli15-1024.idx exist
/home/kaiyuan/XLP/token-level/download//udpos/udpos_processed_maxlen128/el/test.xlm-mlm-xnli15-1024 and /home/kaiyuan/XLP/token-level/download//udpos/udpos_processed_maxlen128/el/test.xlm-mlm-xnli15-1024.idx exist
/home/kaiyuan/XLP/token-level/download//udpos/udpos_processed_maxlen128/en/dev.xlm-mlm-xnli15-1024 and /home/kaiyuan/XLP/token-level/download//udpos/udpos_processed_maxlen128/en/dev.xlm-mlm-xnli15-1024.idx exist
/home/kaiyuan/XLP/token-level/download//udpos/udpos_processed_maxlen128/en/test.xlm-mlm-xnli15-1024 and /home/kaiyuan/XLP/token-level/download//udpos/udpos_processed_maxlen128/en/test.xlm-mlm-xnli15-1024.idx exist
/home/kaiyuan/XLP/token-level/download//udpos/udpos_processed_maxlen128/en/train.xlm-mlm-xnli15-1024 and /home/kaiyuan/XLP/token-level/download//udpos/udpos_processed_maxlen128/en/train.xlm-mlm-xnli15-1024.idx exist
/home/kaiyuan/XLP/token-level/download//udpos/udpos_processed_maxlen128/es/dev.xlm-mlm-xnli15-1024 and /home/kaiyuan/XLP/token-level/download//udpos/udpos_processed_maxlen128/es/dev.xlm-mlm-xnli15-1024.idx exist
/home/kaiyuan/XLP/token-level/download//udpos/udpos_processed_maxlen128/es/test.xlm-mlm-xnli15-1024 and /home/kaiyuan/XLP/token-level/download//udpos/udpos_processed_maxlen128/es/test.xlm-mlm-xnli15-1024.idx exist
/home/kaiyuan/XLP/token-level/download//udpos/udpos_processed_maxlen128/fr/dev.xlm-mlm-xnli15-1024 and /home/kaiyuan/XLP/token-level/download//udpos/udpos_processed_maxlen128/fr/dev.xlm-mlm-xnli15-1024.idx exist
/home/kaiyuan/XLP/token-level/download//udpos/udpos_processed_maxlen128/fr/test.xlm-mlm-xnli15-1024 and /home/kaiyuan/XLP/token-level/download//udpos/udpos_processed_maxlen128/fr/test.xlm-mlm-xnli15-1024.idx exist
/home/kaiyuan/XLP/token-level/download//udpos/udpos_processed_maxlen128/hi/dev.xlm-mlm-xnli15-1024 and /home/kaiyuan/XLP/token-level/download//udpos/udpos_processed_maxlen128/hi/dev.xlm-mlm-xnli15-1024.idx exist
/home/kaiyuan/XLP/token-level/download//udpos/udpos_processed_maxlen128/hi/test.xlm-mlm-xnli15-1024 and /home/kaiyuan/XLP/token-level/download//udpos/udpos_processed_maxlen128/hi/test.xlm-mlm-xnli15-1024.idx exist
/home/kaiyuan/XLP/token-level/download//udpos/udpos_processed_maxlen128/ru/dev.xlm-mlm-xnli15-1024 and /home/kaiyuan/XLP/token-level/download//udpos/udpos_processed_maxlen128/ru/dev.xlm-mlm-xnli15-1024.idx exist
/home/kaiyuan/XLP/token-level/download//udpos/udpos_processed_maxlen128/ru/test.xlm-mlm-xnli15-1024 and /home/kaiyuan/XLP/token-level/download//udpos/udpos_processed_maxlen128/ru/test.xlm-mlm-xnli15-1024.idx exist
/home/kaiyuan/XLP/token-level/download//udpos/dev-th.tsv does not exist
finish preprocessing /home/kaiyuan/XLP/token-level/download//udpos/udpos_processed_maxlen128/th/dev.xlm-mlm-xnli15-1024
/home/kaiyuan/XLP/token-level/download//udpos/udpos_processed_maxlen128/th/test.xlm-mlm-xnli15-1024 and /home/kaiyuan/XLP/token-level/download//udpos/udpos_processed_maxlen128/th/test.xlm-mlm-xnli15-1024.idx exist
/home/kaiyuan/XLP/token-level/download//udpos/udpos_processed_maxlen128/tr/dev.xlm-mlm-xnli15-1024 and /home/kaiyuan/XLP/token-level/download//udpos/udpos_processed_maxlen128/tr/dev.xlm-mlm-xnli15-1024.idx exist
/home/kaiyuan/XLP/token-level/download//udpos/udpos_processed_maxlen128/tr/test.xlm-mlm-xnli15-1024 and /home/kaiyuan/XLP/token-level/download//udpos/udpos_processed_maxlen128/tr/test.xlm-mlm-xnli15-1024.idx exist
/home/kaiyuan/XLP/token-level/download//udpos/udpos_processed_maxlen128/ur/dev.xlm-mlm-xnli15-1024 and /home/kaiyuan/XLP/token-level/download//udpos/udpos_processed_maxlen128/ur/dev.xlm-mlm-xnli15-1024.idx exist
/home/kaiyuan/XLP/token-level/download//udpos/udpos_processed_maxlen128/ur/test.xlm-mlm-xnli15-1024 and /home/kaiyuan/XLP/token-level/download//udpos/udpos_processed_maxlen128/ur/test.xlm-mlm-xnli15-1024.idx exist
/home/kaiyuan/XLP/token-level/download//udpos/udpos_processed_maxlen128/vi/dev.xlm-mlm-xnli15-1024 and /home/kaiyuan/XLP/token-level/download//udpos/udpos_processed_maxlen128/vi/dev.xlm-mlm-xnli15-1024.idx exist
/home/kaiyuan/XLP/token-level/download//udpos/udpos_processed_maxlen128/vi/test.xlm-mlm-xnli15-1024 and /home/kaiyuan/XLP/token-level/download//udpos/udpos_processed_maxlen128/vi/test.xlm-mlm-xnli15-1024.idx exist
/home/kaiyuan/XLP/token-level/download//udpos/udpos_processed_maxlen128/zh/dev.xlm-mlm-xnli15-1024 and /home/kaiyuan/XLP/token-level/download//udpos/udpos_processed_maxlen128/zh/dev.xlm-mlm-xnli15-1024.idx exist
/home/kaiyuan/XLP/token-level/download//udpos/udpos_processed_maxlen128/zh/test.xlm-mlm-xnli15-1024 and /home/kaiyuan/XLP/token-level/download//udpos/udpos_processed_maxlen128/zh/test.xlm-mlm-xnli15-1024.idx exist
/home/kaiyuan/XLP/token-level/download//udpos/udpos_processed_maxlen128/ar/dev.xlm-mlm-xnli15-1024 and /home/kaiyuan/XLP/token-level/download//udpos/udpos_processed_maxlen128/ar/dev.xlm-mlm-xnli15-1024.idx exist
/home/kaiyuan/XLP/token-level/download//udpos/udpos_processed_maxlen128/ar/test.xlm-mlm-xnli15-1024 and /home/kaiyuan/XLP/token-level/download//udpos/udpos_processed_maxlen128/ar/test.xlm-mlm-xnli15-1024.idx exist
/home/kaiyuan/XLP/token-level/download//udpos/udpos_processed_maxlen128/bg/dev.xlm-mlm-xnli15-1024 and /home/kaiyuan/XLP/token-level/download//udpos/udpos_processed_maxlen128/bg/dev.xlm-mlm-xnli15-1024.idx exist
/home/kaiyuan/XLP/token-level/download//udpos/udpos_processed_maxlen128/bg/test.xlm-mlm-xnli15-1024 and /home/kaiyuan/XLP/token-level/download//udpos/udpos_processed_maxlen128/bg/test.xlm-mlm-xnli15-1024.idx exist
/home/kaiyuan/XLP/token-level/download//udpos/udpos_processed_maxlen128/de/dev.xlm-mlm-xnli15-1024 and /home/kaiyuan/XLP/token-level/download//udpos/udpos_processed_maxlen128/de/dev.xlm-mlm-xnli15-1024.idx exist
/home/kaiyuan/XLP/token-level/download//udpos/udpos_processed_maxlen128/de/test.xlm-mlm-xnli15-1024 and /home/kaiyuan/XLP/token-level/download//udpos/udpos_processed_maxlen128/de/test.xlm-mlm-xnli15-1024.idx exist
/home/kaiyuan/XLP/token-level/download//udpos/udpos_processed_maxlen128/el/dev.xlm-mlm-xnli15-1024 and /home/kaiyuan/XLP/token-level/download//udpos/udpos_processed_maxlen128/el/dev.xlm-mlm-xnli15-1024.idx exist
/home/kaiyuan/XLP/token-level/download//udpos/udpos_processed_maxlen128/el/test.xlm-mlm-xnli15-1024 and /home/kaiyuan/XLP/token-level/download//udpos/udpos_processed_maxlen128/el/test.xlm-mlm-xnli15-1024.idx exist
/home/kaiyuan/XLP/token-level/download//udpos/udpos_processed_maxlen128/en/dev.xlm-mlm-xnli15-1024 and /home/kaiyuan/XLP/token-level/download//udpos/udpos_processed_maxlen128/en/dev.xlm-mlm-xnli15-1024.idx exist
/home/kaiyuan/XLP/token-level/download//udpos/udpos_processed_maxlen128/en/test.xlm-mlm-xnli15-1024 and /home/kaiyuan/XLP/token-level/download//udpos/udpos_processed_maxlen128/en/test.xlm-mlm-xnli15-1024.idx exist
/home/kaiyuan/XLP/token-level/download//udpos/udpos_processed_maxlen128/en/train.xlm-mlm-xnli15-1024 and /home/kaiyuan/XLP/token-level/download//udpos/udpos_processed_maxlen128/en/train.xlm-mlm-xnli15-1024.idx exist
/home/kaiyuan/XLP/token-level/download//udpos/udpos_processed_maxlen128/es/dev.xlm-mlm-xnli15-1024 and /home/kaiyuan/XLP/token-level/download//udpos/udpos_processed_maxlen128/es/dev.xlm-mlm-xnli15-1024.idx exist
/home/kaiyuan/XLP/token-level/download//udpos/udpos_processed_maxlen128/es/test.xlm-mlm-xnli15-1024 and /home/kaiyuan/XLP/token-level/download//udpos/udpos_processed_maxlen128/es/test.xlm-mlm-xnli15-1024.idx exist
/home/kaiyuan/XLP/token-level/download//udpos/udpos_processed_maxlen128/fr/dev.xlm-mlm-xnli15-1024 and /home/kaiyuan/XLP/token-level/download//udpos/udpos_processed_maxlen128/fr/dev.xlm-mlm-xnli15-1024.idx exist
/home/kaiyuan/XLP/token-level/download//udpos/udpos_processed_maxlen128/fr/test.xlm-mlm-xnli15-1024 and /home/kaiyuan/XLP/token-level/download//udpos/udpos_processed_maxlen128/fr/test.xlm-mlm-xnli15-1024.idx exist
/home/kaiyuan/XLP/token-level/download//udpos/udpos_processed_maxlen128/hi/dev.xlm-mlm-xnli15-1024 and /home/kaiyuan/XLP/token-level/download//udpos/udpos_processed_maxlen128/hi/dev.xlm-mlm-xnli15-1024.idx exist
/home/kaiyuan/XLP/token-level/download//udpos/udpos_processed_maxlen128/hi/test.xlm-mlm-xnli15-1024 and /home/kaiyuan/XLP/token-level/download//udpos/udpos_processed_maxlen128/hi/test.xlm-mlm-xnli15-1024.idx exist
/home/kaiyuan/XLP/token-level/download//udpos/udpos_processed_maxlen128/ru/dev.xlm-mlm-xnli15-1024 and /home/kaiyuan/XLP/token-level/download//udpos/udpos_processed_maxlen128/ru/dev.xlm-mlm-xnli15-1024.idx exist
/home/kaiyuan/XLP/token-level/download//udpos/udpos_processed_maxlen128/ru/test.xlm-mlm-xnli15-1024 and /home/kaiyuan/XLP/token-level/download//udpos/udpos_processed_maxlen128/ru/test.xlm-mlm-xnli15-1024.idx exist
/home/kaiyuan/XLP/token-level/download//udpos/dev-th.tsv does not exist
finish preprocessing /home/kaiyuan/XLP/token-level/download//udpos/udpos_processed_maxlen128/th/dev.xlm-mlm-xnli15-1024
/home/kaiyuan/XLP/token-level/download//udpos/udpos_processed_maxlen128/th/test.xlm-mlm-xnli15-1024 and /home/kaiyuan/XLP/token-level/download//udpos/udpos_processed_maxlen128/th/test.xlm-mlm-xnli15-1024.idx exist
/home/kaiyuan/XLP/token-level/download//udpos/udpos_processed_maxlen128/tr/dev.xlm-mlm-xnli15-1024 and /home/kaiyuan/XLP/token-level/download//udpos/udpos_processed_maxlen128/tr/dev.xlm-mlm-xnli15-1024.idx exist
/home/kaiyuan/XLP/token-level/download//udpos/udpos_processed_maxlen128/tr/test.xlm-mlm-xnli15-1024 and /home/kaiyuan/XLP/token-level/download//udpos/udpos_processed_maxlen128/tr/test.xlm-mlm-xnli15-1024.idx exist
/home/kaiyuan/XLP/token-level/download//udpos/udpos_processed_maxlen128/ur/dev.xlm-mlm-xnli15-1024 and /home/kaiyuan/XLP/token-level/download//udpos/udpos_processed_maxlen128/ur/dev.xlm-mlm-xnli15-1024.idx exist
/home/kaiyuan/XLP/token-level/download//udpos/udpos_processed_maxlen128/ur/test.xlm-mlm-xnli15-1024 and /home/kaiyuan/XLP/token-level/download//udpos/udpos_processed_maxlen128/ur/test.xlm-mlm-xnli15-1024.idx exist
/home/kaiyuan/XLP/token-level/download//udpos/udpos_processed_maxlen128/vi/dev.xlm-mlm-xnli15-1024 and /home/kaiyuan/XLP/token-level/download//udpos/udpos_processed_maxlen128/vi/dev.xlm-mlm-xnli15-1024.idx exist
/home/kaiyuan/XLP/token-level/download//udpos/udpos_processed_maxlen128/vi/test.xlm-mlm-xnli15-1024 and /home/kaiyuan/XLP/token-level/download//udpos/udpos_processed_maxlen128/vi/test.xlm-mlm-xnli15-1024.idx exist
/home/kaiyuan/XLP/token-level/download//udpos/udpos_processed_maxlen128/zh/dev.xlm-mlm-xnli15-1024 and /home/kaiyuan/XLP/token-level/download//udpos/udpos_processed_maxlen128/zh/dev.xlm-mlm-xnli15-1024.idx exist
/home/kaiyuan/XLP/token-level/download//udpos/udpos_processed_maxlen128/zh/test.xlm-mlm-xnli15-1024 and /home/kaiyuan/XLP/token-level/download//udpos/udpos_processed_maxlen128/zh/test.xlm-mlm-xnli15-1024.idx exist
/home/kaiyuan/XLP/token-level/download//udpos/udpos_processed_maxlen128/ar/dev.xlm-mlm-xnli15-1024 and /home/kaiyuan/XLP/token-level/download//udpos/udpos_processed_maxlen128/ar/dev.xlm-mlm-xnli15-1024.idx exist
/home/kaiyuan/XLP/token-level/download//udpos/udpos_processed_maxlen128/ar/test.xlm-mlm-xnli15-1024 and /home/kaiyuan/XLP/token-level/download//udpos/udpos_processed_maxlen128/ar/test.xlm-mlm-xnli15-1024.idx exist
/home/kaiyuan/XLP/token-level/download//udpos/udpos_processed_maxlen128/bg/dev.xlm-mlm-xnli15-1024 and /home/kaiyuan/XLP/token-level/download//udpos/udpos_processed_maxlen128/bg/dev.xlm-mlm-xnli15-1024.idx exist
/home/kaiyuan/XLP/token-level/download//udpos/udpos_processed_maxlen128/bg/test.xlm-mlm-xnli15-1024 and /home/kaiyuan/XLP/token-level/download//udpos/udpos_processed_maxlen128/bg/test.xlm-mlm-xnli15-1024.idx exist
/home/kaiyuan/XLP/token-level/download//udpos/udpos_processed_maxlen128/de/dev.xlm-mlm-xnli15-1024 and /home/kaiyuan/XLP/token-level/download//udpos/udpos_processed_maxlen128/de/dev.xlm-mlm-xnli15-1024.idx exist
/home/kaiyuan/XLP/token-level/download//udpos/udpos_processed_maxlen128/de/test.xlm-mlm-xnli15-1024 and /home/kaiyuan/XLP/token-level/download//udpos/udpos_processed_maxlen128/de/test.xlm-mlm-xnli15-1024.idx exist
/home/kaiyuan/XLP/token-level/download//udpos/udpos_processed_maxlen128/el/dev.xlm-mlm-xnli15-1024 and /home/kaiyuan/XLP/token-level/download//udpos/udpos_processed_maxlen128/el/dev.xlm-mlm-xnli15-1024.idx exist
/home/kaiyuan/XLP/token-level/download//udpos/udpos_processed_maxlen128/el/test.xlm-mlm-xnli15-1024 and /home/kaiyuan/XLP/token-level/download//udpos/udpos_processed_maxlen128/el/test.xlm-mlm-xnli15-1024.idx exist
/home/kaiyuan/XLP/token-level/download//udpos/udpos_processed_maxlen128/en/dev.xlm-mlm-xnli15-1024 and /home/kaiyuan/XLP/token-level/download//udpos/udpos_processed_maxlen128/en/dev.xlm-mlm-xnli15-1024.idx exist
/home/kaiyuan/XLP/token-level/download//udpos/udpos_processed_maxlen128/en/test.xlm-mlm-xnli15-1024 and /home/kaiyuan/XLP/token-level/download//udpos/udpos_processed_maxlen128/en/test.xlm-mlm-xnli15-1024.idx exist
/home/kaiyuan/XLP/token-level/download//udpos/udpos_processed_maxlen128/en/train.xlm-mlm-xnli15-1024 and /home/kaiyuan/XLP/token-level/download//udpos/udpos_processed_maxlen128/en/train.xlm-mlm-xnli15-1024.idx exist
/home/kaiyuan/XLP/token-level/download//udpos/udpos_processed_maxlen128/es/dev.xlm-mlm-xnli15-1024 and /home/kaiyuan/XLP/token-level/download//udpos/udpos_processed_maxlen128/es/dev.xlm-mlm-xnli15-1024.idx exist
/home/kaiyuan/XLP/token-level/download//udpos/udpos_processed_maxlen128/es/test.xlm-mlm-xnli15-1024 and /home/kaiyuan/XLP/token-level/download//udpos/udpos_processed_maxlen128/es/test.xlm-mlm-xnli15-1024.idx exist
/home/kaiyuan/XLP/token-level/download//udpos/udpos_processed_maxlen128/fr/dev.xlm-mlm-xnli15-1024 and /home/kaiyuan/XLP/token-level/download//udpos/udpos_processed_maxlen128/fr/dev.xlm-mlm-xnli15-1024.idx exist
/home/kaiyuan/XLP/token-level/download//udpos/udpos_processed_maxlen128/fr/test.xlm-mlm-xnli15-1024 and /home/kaiyuan/XLP/token-level/download//udpos/udpos_processed_maxlen128/fr/test.xlm-mlm-xnli15-1024.idx exist
/home/kaiyuan/XLP/token-level/download//udpos/udpos_processed_maxlen128/hi/dev.xlm-mlm-xnli15-1024 and /home/kaiyuan/XLP/token-level/download//udpos/udpos_processed_maxlen128/hi/dev.xlm-mlm-xnli15-1024.idx exist
/home/kaiyuan/XLP/token-level/download//udpos/udpos_processed_maxlen128/hi/test.xlm-mlm-xnli15-1024 and /home/kaiyuan/XLP/token-level/download//udpos/udpos_processed_maxlen128/hi/test.xlm-mlm-xnli15-1024.idx exist
/home/kaiyuan/XLP/token-level/download//udpos/udpos_processed_maxlen128/ru/dev.xlm-mlm-xnli15-1024 and /home/kaiyuan/XLP/token-level/download//udpos/udpos_processed_maxlen128/ru/dev.xlm-mlm-xnli15-1024.idx exist
/home/kaiyuan/XLP/token-level/download//udpos/udpos_processed_maxlen128/ru/test.xlm-mlm-xnli15-1024 and /home/kaiyuan/XLP/token-level/download//udpos/udpos_processed_maxlen128/ru/test.xlm-mlm-xnli15-1024.idx exist
/home/kaiyuan/XLP/token-level/download//udpos/dev-th.tsv does not exist
finish preprocessing /home/kaiyuan/XLP/token-level/download//udpos/udpos_processed_maxlen128/th/dev.xlm-mlm-xnli15-1024
/home/kaiyuan/XLP/token-level/download//udpos/udpos_processed_maxlen128/th/test.xlm-mlm-xnli15-1024 and /home/kaiyuan/XLP/token-level/download//udpos/udpos_processed_maxlen128/th/test.xlm-mlm-xnli15-1024.idx exist
/home/kaiyuan/XLP/token-level/download//udpos/udpos_processed_maxlen128/tr/dev.xlm-mlm-xnli15-1024 and /home/kaiyuan/XLP/token-level/download//udpos/udpos_processed_maxlen128/tr/dev.xlm-mlm-xnli15-1024.idx exist
/home/kaiyuan/XLP/token-level/download//udpos/udpos_processed_maxlen128/tr/test.xlm-mlm-xnli15-1024 and /home/kaiyuan/XLP/token-level/download//udpos/udpos_processed_maxlen128/tr/test.xlm-mlm-xnli15-1024.idx exist
/home/kaiyuan/XLP/token-level/download//udpos/udpos_processed_maxlen128/ur/dev.xlm-mlm-xnli15-1024 and /home/kaiyuan/XLP/token-level/download//udpos/udpos_processed_maxlen128/ur/dev.xlm-mlm-xnli15-1024.idx exist
/home/kaiyuan/XLP/token-level/download//udpos/udpos_processed_maxlen128/ur/test.xlm-mlm-xnli15-1024 and /home/kaiyuan/XLP/token-level/download//udpos/udpos_processed_maxlen128/ur/test.xlm-mlm-xnli15-1024.idx exist
/home/kaiyuan/XLP/token-level/download//udpos/udpos_processed_maxlen128/vi/dev.xlm-mlm-xnli15-1024 and /home/kaiyuan/XLP/token-level/download//udpos/udpos_processed_maxlen128/vi/dev.xlm-mlm-xnli15-1024.idx exist
/home/kaiyuan/XLP/token-level/download//udpos/udpos_processed_maxlen128/vi/test.xlm-mlm-xnli15-1024 and /home/kaiyuan/XLP/token-level/download//udpos/udpos_processed_maxlen128/vi/test.xlm-mlm-xnli15-1024.idx exist
/home/kaiyuan/XLP/token-level/download//udpos/udpos_processed_maxlen128/zh/dev.xlm-mlm-xnli15-1024 and /home/kaiyuan/XLP/token-level/download//udpos/udpos_processed_maxlen128/zh/dev.xlm-mlm-xnli15-1024.idx exist
/home/kaiyuan/XLP/token-level/download//udpos/udpos_processed_maxlen128/zh/test.xlm-mlm-xnli15-1024 and /home/kaiyuan/XLP/token-level/download//udpos/udpos_processed_maxlen128/zh/test.xlm-mlm-xnli15-1024.idx exist
/home/kaiyuan/XLP/token-level/download//udpos/udpos_processed_maxlen128/ar/dev.xlm-mlm-xnli15-1024 and /home/kaiyuan/XLP/token-level/download//udpos/udpos_processed_maxlen128/ar/dev.xlm-mlm-xnli15-1024.idx exist
/home/kaiyuan/XLP/token-level/download//udpos/udpos_processed_maxlen128/ar/test.xlm-mlm-xnli15-1024 and /home/kaiyuan/XLP/token-level/download//udpos/udpos_processed_maxlen128/ar/test.xlm-mlm-xnli15-1024.idx exist
/home/kaiyuan/XLP/token-level/download//udpos/udpos_processed_maxlen128/bg/dev.xlm-mlm-xnli15-1024 and /home/kaiyuan/XLP/token-level/download//udpos/udpos_processed_maxlen128/bg/dev.xlm-mlm-xnli15-1024.idx exist
/home/kaiyuan/XLP/token-level/download//udpos/udpos_processed_maxlen128/bg/test.xlm-mlm-xnli15-1024 and /home/kaiyuan/XLP/token-level/download//udpos/udpos_processed_maxlen128/bg/test.xlm-mlm-xnli15-1024.idx exist
/home/kaiyuan/XLP/token-level/download//udpos/udpos_processed_maxlen128/de/dev.xlm-mlm-xnli15-1024 and /home/kaiyuan/XLP/token-level/download//udpos/udpos_processed_maxlen128/de/dev.xlm-mlm-xnli15-1024.idx exist
/home/kaiyuan/XLP/token-level/download//udpos/udpos_processed_maxlen128/de/test.xlm-mlm-xnli15-1024 and /home/kaiyuan/XLP/token-level/download//udpos/udpos_processed_maxlen128/de/test.xlm-mlm-xnli15-1024.idx exist
/home/kaiyuan/XLP/token-level/download//udpos/udpos_processed_maxlen128/el/dev.xlm-mlm-xnli15-1024 and /home/kaiyuan/XLP/token-level/download//udpos/udpos_processed_maxlen128/el/dev.xlm-mlm-xnli15-1024.idx exist
/home/kaiyuan/XLP/token-level/download//udpos/udpos_processed_maxlen128/el/test.xlm-mlm-xnli15-1024 and /home/kaiyuan/XLP/token-level/download//udpos/udpos_processed_maxlen128/el/test.xlm-mlm-xnli15-1024.idx exist
/home/kaiyuan/XLP/token-level/download//udpos/udpos_processed_maxlen128/en/dev.xlm-mlm-xnli15-1024 and /home/kaiyuan/XLP/token-level/download//udpos/udpos_processed_maxlen128/en/dev.xlm-mlm-xnli15-1024.idx exist
/home/kaiyuan/XLP/token-level/download//udpos/udpos_processed_maxlen128/en/test.xlm-mlm-xnli15-1024 and /home/kaiyuan/XLP/token-level/download//udpos/udpos_processed_maxlen128/en/test.xlm-mlm-xnli15-1024.idx exist
/home/kaiyuan/XLP/token-level/download//udpos/udpos_processed_maxlen128/en/train.xlm-mlm-xnli15-1024 and /home/kaiyuan/XLP/token-level/download//udpos/udpos_processed_maxlen128/en/train.xlm-mlm-xnli15-1024.idx exist
/home/kaiyuan/XLP/token-level/download//udpos/udpos_processed_maxlen128/es/dev.xlm-mlm-xnli15-1024 and /home/kaiyuan/XLP/token-level/download//udpos/udpos_processed_maxlen128/es/dev.xlm-mlm-xnli15-1024.idx exist
/home/kaiyuan/XLP/token-level/download//udpos/udpos_processed_maxlen128/es/test.xlm-mlm-xnli15-1024 and /home/kaiyuan/XLP/token-level/download//udpos/udpos_processed_maxlen128/es/test.xlm-mlm-xnli15-1024.idx exist
/home/kaiyuan/XLP/token-level/download//udpos/udpos_processed_maxlen128/fr/dev.xlm-mlm-xnli15-1024 and /home/kaiyuan/XLP/token-level/download//udpos/udpos_processed_maxlen128/fr/dev.xlm-mlm-xnli15-1024.idx exist
/home/kaiyuan/XLP/token-level/download//udpos/udpos_processed_maxlen128/fr/test.xlm-mlm-xnli15-1024 and /home/kaiyuan/XLP/token-level/download//udpos/udpos_processed_maxlen128/fr/test.xlm-mlm-xnli15-1024.idx exist
/home/kaiyuan/XLP/token-level/download//udpos/udpos_processed_maxlen128/hi/dev.xlm-mlm-xnli15-1024 and /home/kaiyuan/XLP/token-level/download//udpos/udpos_processed_maxlen128/hi/dev.xlm-mlm-xnli15-1024.idx exist
/home/kaiyuan/XLP/token-level/download//udpos/udpos_processed_maxlen128/hi/test.xlm-mlm-xnli15-1024 and /home/kaiyuan/XLP/token-level/download//udpos/udpos_processed_maxlen128/hi/test.xlm-mlm-xnli15-1024.idx exist
/home/kaiyuan/XLP/token-level/download//udpos/udpos_processed_maxlen128/ru/dev.xlm-mlm-xnli15-1024 and /home/kaiyuan/XLP/token-level/download//udpos/udpos_processed_maxlen128/ru/dev.xlm-mlm-xnli15-1024.idx exist
/home/kaiyuan/XLP/token-level/download//udpos/udpos_processed_maxlen128/ru/test.xlm-mlm-xnli15-1024 and /home/kaiyuan/XLP/token-level/download//udpos/udpos_processed_maxlen128/ru/test.xlm-mlm-xnli15-1024.idx exist
/home/kaiyuan/XLP/token-level/download//udpos/dev-th.tsv does not exist
finish preprocessing /home/kaiyuan/XLP/token-level/download//udpos/udpos_processed_maxlen128/th/dev.xlm-mlm-xnli15-1024
/home/kaiyuan/XLP/token-level/download//udpos/udpos_processed_maxlen128/th/test.xlm-mlm-xnli15-1024 and /home/kaiyuan/XLP/token-level/download//udpos/udpos_processed_maxlen128/th/test.xlm-mlm-xnli15-1024.idx exist
/home/kaiyuan/XLP/token-level/download//udpos/udpos_processed_maxlen128/tr/dev.xlm-mlm-xnli15-1024 and /home/kaiyuan/XLP/token-level/download//udpos/udpos_processed_maxlen128/tr/dev.xlm-mlm-xnli15-1024.idx exist
/home/kaiyuan/XLP/token-level/download//udpos/udpos_processed_maxlen128/tr/test.xlm-mlm-xnli15-1024 and /home/kaiyuan/XLP/token-level/download//udpos/udpos_processed_maxlen128/tr/test.xlm-mlm-xnli15-1024.idx exist
/home/kaiyuan/XLP/token-level/download//udpos/udpos_processed_maxlen128/ur/dev.xlm-mlm-xnli15-1024 and /home/kaiyuan/XLP/token-level/download//udpos/udpos_processed_maxlen128/ur/dev.xlm-mlm-xnli15-1024.idx exist
/home/kaiyuan/XLP/token-level/download//udpos/udpos_processed_maxlen128/ur/test.xlm-mlm-xnli15-1024 and /home/kaiyuan/XLP/token-level/download//udpos/udpos_processed_maxlen128/ur/test.xlm-mlm-xnli15-1024.idx exist
/home/kaiyuan/XLP/token-level/download//udpos/udpos_processed_maxlen128/vi/dev.xlm-mlm-xnli15-1024 and /home/kaiyuan/XLP/token-level/download//udpos/udpos_processed_maxlen128/vi/dev.xlm-mlm-xnli15-1024.idx exist
/home/kaiyuan/XLP/token-level/download//udpos/udpos_processed_maxlen128/vi/test.xlm-mlm-xnli15-1024 and /home/kaiyuan/XLP/token-level/download//udpos/udpos_processed_maxlen128/vi/test.xlm-mlm-xnli15-1024.idx exist
/home/kaiyuan/XLP/token-level/download//udpos/udpos_processed_maxlen128/zh/dev.xlm-mlm-xnli15-1024 and /home/kaiyuan/XLP/token-level/download//udpos/udpos_processed_maxlen128/zh/dev.xlm-mlm-xnli15-1024.idx exist
/home/kaiyuan/XLP/token-level/download//udpos/udpos_processed_maxlen128/zh/test.xlm-mlm-xnli15-1024 and /home/kaiyuan/XLP/token-level/download//udpos/udpos_processed_maxlen128/zh/test.xlm-mlm-xnli15-1024.idx exist
/home/kaiyuan/XLP/token-level/download//udpos/udpos_processed_maxlen128/ar/dev.xlm-mlm-xnli15-1024 and /home/kaiyuan/XLP/token-level/download//udpos/udpos_processed_maxlen128/ar/dev.xlm-mlm-xnli15-1024.idx exist
/home/kaiyuan/XLP/token-level/download//udpos/udpos_processed_maxlen128/ar/test.xlm-mlm-xnli15-1024 and /home/kaiyuan/XLP/token-level/download//udpos/udpos_processed_maxlen128/ar/test.xlm-mlm-xnli15-1024.idx exist
/home/kaiyuan/XLP/token-level/download//udpos/udpos_processed_maxlen128/bg/dev.xlm-mlm-xnli15-1024 and /home/kaiyuan/XLP/token-level/download//udpos/udpos_processed_maxlen128/bg/dev.xlm-mlm-xnli15-1024.idx exist
/home/kaiyuan/XLP/token-level/download//udpos/udpos_processed_maxlen128/bg/test.xlm-mlm-xnli15-1024 and /home/kaiyuan/XLP/token-level/download//udpos/udpos_processed_maxlen128/bg/test.xlm-mlm-xnli15-1024.idx exist
/home/kaiyuan/XLP/token-level/download//udpos/udpos_processed_maxlen128/de/dev.xlm-mlm-xnli15-1024 and /home/kaiyuan/XLP/token-level/download//udpos/udpos_processed_maxlen128/de/dev.xlm-mlm-xnli15-1024.idx exist
/home/kaiyuan/XLP/token-level/download//udpos/udpos_processed_maxlen128/de/test.xlm-mlm-xnli15-1024 and /home/kaiyuan/XLP/token-level/download//udpos/udpos_processed_maxlen128/de/test.xlm-mlm-xnli15-1024.idx exist
/home/kaiyuan/XLP/token-level/download//udpos/udpos_processed_maxlen128/el/dev.xlm-mlm-xnli15-1024 and /home/kaiyuan/XLP/token-level/download//udpos/udpos_processed_maxlen128/el/dev.xlm-mlm-xnli15-1024.idx exist
/home/kaiyuan/XLP/token-level/download//udpos/udpos_processed_maxlen128/el/test.xlm-mlm-xnli15-1024 and /home/kaiyuan/XLP/token-level/download//udpos/udpos_processed_maxlen128/el/test.xlm-mlm-xnli15-1024.idx exist
/home/kaiyuan/XLP/token-level/download//udpos/udpos_processed_maxlen128/en/dev.xlm-mlm-xnli15-1024 and /home/kaiyuan/XLP/token-level/download//udpos/udpos_processed_maxlen128/en/dev.xlm-mlm-xnli15-1024.idx exist
/home/kaiyuan/XLP/token-level/download//udpos/udpos_processed_maxlen128/en/test.xlm-mlm-xnli15-1024 and /home/kaiyuan/XLP/token-level/download//udpos/udpos_processed_maxlen128/en/test.xlm-mlm-xnli15-1024.idx exist
/home/kaiyuan/XLP/token-level/download//udpos/udpos_processed_maxlen128/en/train.xlm-mlm-xnli15-1024 and /home/kaiyuan/XLP/token-level/download//udpos/udpos_processed_maxlen128/en/train.xlm-mlm-xnli15-1024.idx exist
/home/kaiyuan/XLP/token-level/download//udpos/udpos_processed_maxlen128/es/dev.xlm-mlm-xnli15-1024 and /home/kaiyuan/XLP/token-level/download//udpos/udpos_processed_maxlen128/es/dev.xlm-mlm-xnli15-1024.idx exist
/home/kaiyuan/XLP/token-level/download//udpos/udpos_processed_maxlen128/es/test.xlm-mlm-xnli15-1024 and /home/kaiyuan/XLP/token-level/download//udpos/udpos_processed_maxlen128/es/test.xlm-mlm-xnli15-1024.idx exist
/home/kaiyuan/XLP/token-level/download//udpos/udpos_processed_maxlen128/fr/dev.xlm-mlm-xnli15-1024 and /home/kaiyuan/XLP/token-level/download//udpos/udpos_processed_maxlen128/fr/dev.xlm-mlm-xnli15-1024.idx exist
/home/kaiyuan/XLP/token-level/download//udpos/udpos_processed_maxlen128/fr/test.xlm-mlm-xnli15-1024 and /home/kaiyuan/XLP/token-level/download//udpos/udpos_processed_maxlen128/fr/test.xlm-mlm-xnli15-1024.idx exist
/home/kaiyuan/XLP/token-level/download//udpos/udpos_processed_maxlen128/hi/dev.xlm-mlm-xnli15-1024 and /home/kaiyuan/XLP/token-level/download//udpos/udpos_processed_maxlen128/hi/dev.xlm-mlm-xnli15-1024.idx exist
/home/kaiyuan/XLP/token-level/download//udpos/udpos_processed_maxlen128/hi/test.xlm-mlm-xnli15-1024 and /home/kaiyuan/XLP/token-level/download//udpos/udpos_processed_maxlen128/hi/test.xlm-mlm-xnli15-1024.idx exist
/home/kaiyuan/XLP/token-level/download//udpos/udpos_processed_maxlen128/ru/dev.xlm-mlm-xnli15-1024 and /home/kaiyuan/XLP/token-level/download//udpos/udpos_processed_maxlen128/ru/dev.xlm-mlm-xnli15-1024.idx exist
/home/kaiyuan/XLP/token-level/download//udpos/udpos_processed_maxlen128/ru/test.xlm-mlm-xnli15-1024 and /home/kaiyuan/XLP/token-level/download//udpos/udpos_processed_maxlen128/ru/test.xlm-mlm-xnli15-1024.idx exist
/home/kaiyuan/XLP/token-level/download//udpos/dev-th.tsv does not exist
finish preprocessing /home/kaiyuan/XLP/token-level/download//udpos/udpos_processed_maxlen128/th/dev.xlm-mlm-xnli15-1024
/home/kaiyuan/XLP/token-level/download//udpos/udpos_processed_maxlen128/th/test.xlm-mlm-xnli15-1024 and /home/kaiyuan/XLP/token-level/download//udpos/udpos_processed_maxlen128/th/test.xlm-mlm-xnli15-1024.idx exist
/home/kaiyuan/XLP/token-level/download//udpos/udpos_processed_maxlen128/tr/dev.xlm-mlm-xnli15-1024 and /home/kaiyuan/XLP/token-level/download//udpos/udpos_processed_maxlen128/tr/dev.xlm-mlm-xnli15-1024.idx exist
/home/kaiyuan/XLP/token-level/download//udpos/udpos_processed_maxlen128/tr/test.xlm-mlm-xnli15-1024 and /home/kaiyuan/XLP/token-level/download//udpos/udpos_processed_maxlen128/tr/test.xlm-mlm-xnli15-1024.idx exist
/home/kaiyuan/XLP/token-level/download//udpos/udpos_processed_maxlen128/ur/dev.xlm-mlm-xnli15-1024 and /home/kaiyuan/XLP/token-level/download//udpos/udpos_processed_maxlen128/ur/dev.xlm-mlm-xnli15-1024.idx exist
/home/kaiyuan/XLP/token-level/download//udpos/udpos_processed_maxlen128/ur/test.xlm-mlm-xnli15-1024 and /home/kaiyuan/XLP/token-level/download//udpos/udpos_processed_maxlen128/ur/test.xlm-mlm-xnli15-1024.idx exist
/home/kaiyuan/XLP/token-level/download//udpos/udpos_processed_maxlen128/vi/dev.xlm-mlm-xnli15-1024 and /home/kaiyuan/XLP/token-level/download//udpos/udpos_processed_maxlen128/vi/dev.xlm-mlm-xnli15-1024.idx exist
/home/kaiyuan/XLP/token-level/download//udpos/udpos_processed_maxlen128/vi/test.xlm-mlm-xnli15-1024 and /home/kaiyuan/XLP/token-level/download//udpos/udpos_processed_maxlen128/vi/test.xlm-mlm-xnli15-1024.idx exist
/home/kaiyuan/XLP/token-level/download//udpos/udpos_processed_maxlen128/zh/dev.xlm-mlm-xnli15-1024 and /home/kaiyuan/XLP/token-level/download//udpos/udpos_processed_maxlen128/zh/dev.xlm-mlm-xnli15-1024.idx exist
/home/kaiyuan/XLP/token-level/download//udpos/udpos_processed_maxlen128/zh/test.xlm-mlm-xnli15-1024 and /home/kaiyuan/XLP/token-level/download//udpos/udpos_processed_maxlen128/zh/test.xlm-mlm-xnli15-1024.idx exist
/home/kaiyuan/XLP/token-level/download//udpos/udpos_processed_maxlen128/ar/dev.xlm-mlm-xnli15-1024 and /home/kaiyuan/XLP/token-level/download//udpos/udpos_processed_maxlen128/ar/dev.xlm-mlm-xnli15-1024.idx exist
/home/kaiyuan/XLP/token-level/download//udpos/udpos_processed_maxlen128/ar/test.xlm-mlm-xnli15-1024 and /home/kaiyuan/XLP/token-level/download//udpos/udpos_processed_maxlen128/ar/test.xlm-mlm-xnli15-1024.idx exist
/home/kaiyuan/XLP/token-level/download//udpos/udpos_processed_maxlen128/bg/dev.xlm-mlm-xnli15-1024 and /home/kaiyuan/XLP/token-level/download//udpos/udpos_processed_maxlen128/bg/dev.xlm-mlm-xnli15-1024.idx exist
/home/kaiyuan/XLP/token-level/download//udpos/udpos_processed_maxlen128/bg/test.xlm-mlm-xnli15-1024 and /home/kaiyuan/XLP/token-level/download//udpos/udpos_processed_maxlen128/bg/test.xlm-mlm-xnli15-1024.idx exist
/home/kaiyuan/XLP/token-level/download//udpos/udpos_processed_maxlen128/de/dev.xlm-mlm-xnli15-1024 and /home/kaiyuan/XLP/token-level/download//udpos/udpos_processed_maxlen128/de/dev.xlm-mlm-xnli15-1024.idx exist
/home/kaiyuan/XLP/token-level/download//udpos/udpos_processed_maxlen128/de/test.xlm-mlm-xnli15-1024 and /home/kaiyuan/XLP/token-level/download//udpos/udpos_processed_maxlen128/de/test.xlm-mlm-xnli15-1024.idx exist
/home/kaiyuan/XLP/token-level/download//udpos/udpos_processed_maxlen128/el/dev.xlm-mlm-xnli15-1024 and /home/kaiyuan/XLP/token-level/download//udpos/udpos_processed_maxlen128/el/dev.xlm-mlm-xnli15-1024.idx exist
/home/kaiyuan/XLP/token-level/download//udpos/udpos_processed_maxlen128/el/test.xlm-mlm-xnli15-1024 and /home/kaiyuan/XLP/token-level/download//udpos/udpos_processed_maxlen128/el/test.xlm-mlm-xnli15-1024.idx exist
/home/kaiyuan/XLP/token-level/download//udpos/udpos_processed_maxlen128/en/dev.xlm-mlm-xnli15-1024 and /home/kaiyuan/XLP/token-level/download//udpos/udpos_processed_maxlen128/en/dev.xlm-mlm-xnli15-1024.idx exist
/home/kaiyuan/XLP/token-level/download//udpos/udpos_processed_maxlen128/en/test.xlm-mlm-xnli15-1024 and /home/kaiyuan/XLP/token-level/download//udpos/udpos_processed_maxlen128/en/test.xlm-mlm-xnli15-1024.idx exist
/home/kaiyuan/XLP/token-level/download//udpos/udpos_processed_maxlen128/en/train.xlm-mlm-xnli15-1024 and /home/kaiyuan/XLP/token-level/download//udpos/udpos_processed_maxlen128/en/train.xlm-mlm-xnli15-1024.idx exist
/home/kaiyuan/XLP/token-level/download//udpos/udpos_processed_maxlen128/es/dev.xlm-mlm-xnli15-1024 and /home/kaiyuan/XLP/token-level/download//udpos/udpos_processed_maxlen128/es/dev.xlm-mlm-xnli15-1024.idx exist
/home/kaiyuan/XLP/token-level/download//udpos/udpos_processed_maxlen128/es/test.xlm-mlm-xnli15-1024 and /home/kaiyuan/XLP/token-level/download//udpos/udpos_processed_maxlen128/es/test.xlm-mlm-xnli15-1024.idx exist
/home/kaiyuan/XLP/token-level/download//udpos/udpos_processed_maxlen128/fr/dev.xlm-mlm-xnli15-1024 and /home/kaiyuan/XLP/token-level/download//udpos/udpos_processed_maxlen128/fr/dev.xlm-mlm-xnli15-1024.idx exist
/home/kaiyuan/XLP/token-level/download//udpos/udpos_processed_maxlen128/fr/test.xlm-mlm-xnli15-1024 and /home/kaiyuan/XLP/token-level/download//udpos/udpos_processed_maxlen128/fr/test.xlm-mlm-xnli15-1024.idx exist
/home/kaiyuan/XLP/token-level/download//udpos/udpos_processed_maxlen128/hi/dev.xlm-mlm-xnli15-1024 and /home/kaiyuan/XLP/token-level/download//udpos/udpos_processed_maxlen128/hi/dev.xlm-mlm-xnli15-1024.idx exist
/home/kaiyuan/XLP/token-level/download//udpos/udpos_processed_maxlen128/hi/test.xlm-mlm-xnli15-1024 and /home/kaiyuan/XLP/token-level/download//udpos/udpos_processed_maxlen128/hi/test.xlm-mlm-xnli15-1024.idx exist
/home/kaiyuan/XLP/token-level/download//udpos/udpos_processed_maxlen128/ru/dev.xlm-mlm-xnli15-1024 and /home/kaiyuan/XLP/token-level/download//udpos/udpos_processed_maxlen128/ru/dev.xlm-mlm-xnli15-1024.idx exist
/home/kaiyuan/XLP/token-level/download//udpos/udpos_processed_maxlen128/ru/test.xlm-mlm-xnli15-1024 and /home/kaiyuan/XLP/token-level/download//udpos/udpos_processed_maxlen128/ru/test.xlm-mlm-xnli15-1024.idx exist
/home/kaiyuan/XLP/token-level/download//udpos/dev-th.tsv does not exist
finish preprocessing /home/kaiyuan/XLP/token-level/download//udpos/udpos_processed_maxlen128/th/dev.xlm-mlm-xnli15-1024
/home/kaiyuan/XLP/token-level/download//udpos/udpos_processed_maxlen128/th/test.xlm-mlm-xnli15-1024 and /home/kaiyuan/XLP/token-level/download//udpos/udpos_processed_maxlen128/th/test.xlm-mlm-xnli15-1024.idx exist
/home/kaiyuan/XLP/token-level/download//udpos/udpos_processed_maxlen128/tr/dev.xlm-mlm-xnli15-1024 and /home/kaiyuan/XLP/token-level/download//udpos/udpos_processed_maxlen128/tr/dev.xlm-mlm-xnli15-1024.idx exist
/home/kaiyuan/XLP/token-level/download//udpos/udpos_processed_maxlen128/tr/test.xlm-mlm-xnli15-1024 and /home/kaiyuan/XLP/token-level/download//udpos/udpos_processed_maxlen128/tr/test.xlm-mlm-xnli15-1024.idx exist
/home/kaiyuan/XLP/token-level/download//udpos/udpos_processed_maxlen128/ur/dev.xlm-mlm-xnli15-1024 and /home/kaiyuan/XLP/token-level/download//udpos/udpos_processed_maxlen128/ur/dev.xlm-mlm-xnli15-1024.idx exist
/home/kaiyuan/XLP/token-level/download//udpos/udpos_processed_maxlen128/ur/test.xlm-mlm-xnli15-1024 and /home/kaiyuan/XLP/token-level/download//udpos/udpos_processed_maxlen128/ur/test.xlm-mlm-xnli15-1024.idx exist
/home/kaiyuan/XLP/token-level/download//udpos/udpos_processed_maxlen128/vi/dev.xlm-mlm-xnli15-1024 and /home/kaiyuan/XLP/token-level/download//udpos/udpos_processed_maxlen128/vi/dev.xlm-mlm-xnli15-1024.idx exist
/home/kaiyuan/XLP/token-level/download//udpos/udpos_processed_maxlen128/vi/test.xlm-mlm-xnli15-1024 and /home/kaiyuan/XLP/token-level/download//udpos/udpos_processed_maxlen128/vi/test.xlm-mlm-xnli15-1024.idx exist
/home/kaiyuan/XLP/token-level/download//udpos/udpos_processed_maxlen128/zh/dev.xlm-mlm-xnli15-1024 and /home/kaiyuan/XLP/token-level/download//udpos/udpos_processed_maxlen128/zh/dev.xlm-mlm-xnli15-1024.idx exist
/home/kaiyuan/XLP/token-level/download//udpos/udpos_processed_maxlen128/zh/test.xlm-mlm-xnli15-1024 and /home/kaiyuan/XLP/token-level/download//udpos/udpos_processed_maxlen128/zh/test.xlm-mlm-xnli15-1024.idx exist
/home/kaiyuan/XLP/token-level/download//udpos/udpos_processed_maxlen128/ar/dev.xlm-mlm-xnli15-1024 and /home/kaiyuan/XLP/token-level/download//udpos/udpos_processed_maxlen128/ar/dev.xlm-mlm-xnli15-1024.idx exist
/home/kaiyuan/XLP/token-level/download//udpos/udpos_processed_maxlen128/ar/test.xlm-mlm-xnli15-1024 and /home/kaiyuan/XLP/token-level/download//udpos/udpos_processed_maxlen128/ar/test.xlm-mlm-xnli15-1024.idx exist
/home/kaiyuan/XLP/token-level/download//udpos/udpos_processed_maxlen128/bg/dev.xlm-mlm-xnli15-1024 and /home/kaiyuan/XLP/token-level/download//udpos/udpos_processed_maxlen128/bg/dev.xlm-mlm-xnli15-1024.idx exist
/home/kaiyuan/XLP/token-level/download//udpos/udpos_processed_maxlen128/bg/test.xlm-mlm-xnli15-1024 and /home/kaiyuan/XLP/token-level/download//udpos/udpos_processed_maxlen128/bg/test.xlm-mlm-xnli15-1024.idx exist
/home/kaiyuan/XLP/token-level/download//udpos/udpos_processed_maxlen128/de/dev.xlm-mlm-xnli15-1024 and /home/kaiyuan/XLP/token-level/download//udpos/udpos_processed_maxlen128/de/dev.xlm-mlm-xnli15-1024.idx exist
/home/kaiyuan/XLP/token-level/download//udpos/udpos_processed_maxlen128/de/test.xlm-mlm-xnli15-1024 and /home/kaiyuan/XLP/token-level/download//udpos/udpos_processed_maxlen128/de/test.xlm-mlm-xnli15-1024.idx exist
/home/kaiyuan/XLP/token-level/download//udpos/udpos_processed_maxlen128/el/dev.xlm-mlm-xnli15-1024 and /home/kaiyuan/XLP/token-level/download//udpos/udpos_processed_maxlen128/el/dev.xlm-mlm-xnli15-1024.idx exist
/home/kaiyuan/XLP/token-level/download//udpos/udpos_processed_maxlen128/el/test.xlm-mlm-xnli15-1024 and /home/kaiyuan/XLP/token-level/download//udpos/udpos_processed_maxlen128/el/test.xlm-mlm-xnli15-1024.idx exist
/home/kaiyuan/XLP/token-level/download//udpos/udpos_processed_maxlen128/en/dev.xlm-mlm-xnli15-1024 and /home/kaiyuan/XLP/token-level/download//udpos/udpos_processed_maxlen128/en/dev.xlm-mlm-xnli15-1024.idx exist
/home/kaiyuan/XLP/token-level/download//udpos/udpos_processed_maxlen128/en/test.xlm-mlm-xnli15-1024 and /home/kaiyuan/XLP/token-level/download//udpos/udpos_processed_maxlen128/en/test.xlm-mlm-xnli15-1024.idx exist
/home/kaiyuan/XLP/token-level/download//udpos/udpos_processed_maxlen128/en/train.xlm-mlm-xnli15-1024 and /home/kaiyuan/XLP/token-level/download//udpos/udpos_processed_maxlen128/en/train.xlm-mlm-xnli15-1024.idx exist
/home/kaiyuan/XLP/token-level/download//udpos/udpos_processed_maxlen128/es/dev.xlm-mlm-xnli15-1024 and /home/kaiyuan/XLP/token-level/download//udpos/udpos_processed_maxlen128/es/dev.xlm-mlm-xnli15-1024.idx exist
/home/kaiyuan/XLP/token-level/download//udpos/udpos_processed_maxlen128/es/test.xlm-mlm-xnli15-1024 and /home/kaiyuan/XLP/token-level/download//udpos/udpos_processed_maxlen128/es/test.xlm-mlm-xnli15-1024.idx exist
/home/kaiyuan/XLP/token-level/download//udpos/udpos_processed_maxlen128/fr/dev.xlm-mlm-xnli15-1024 and /home/kaiyuan/XLP/token-level/download//udpos/udpos_processed_maxlen128/fr/dev.xlm-mlm-xnli15-1024.idx exist
/home/kaiyuan/XLP/token-level/download//udpos/udpos_processed_maxlen128/fr/test.xlm-mlm-xnli15-1024 and /home/kaiyuan/XLP/token-level/download//udpos/udpos_processed_maxlen128/fr/test.xlm-mlm-xnli15-1024.idx exist
/home/kaiyuan/XLP/token-level/download//udpos/udpos_processed_maxlen128/hi/dev.xlm-mlm-xnli15-1024 and /home/kaiyuan/XLP/token-level/download//udpos/udpos_processed_maxlen128/hi/dev.xlm-mlm-xnli15-1024.idx exist
/home/kaiyuan/XLP/token-level/download//udpos/udpos_processed_maxlen128/hi/test.xlm-mlm-xnli15-1024 and /home/kaiyuan/XLP/token-level/download//udpos/udpos_processed_maxlen128/hi/test.xlm-mlm-xnli15-1024.idx exist
/home/kaiyuan/XLP/token-level/download//udpos/udpos_processed_maxlen128/ru/dev.xlm-mlm-xnli15-1024 and /home/kaiyuan/XLP/token-level/download//udpos/udpos_processed_maxlen128/ru/dev.xlm-mlm-xnli15-1024.idx exist
/home/kaiyuan/XLP/token-level/download//udpos/udpos_processed_maxlen128/ru/test.xlm-mlm-xnli15-1024 and /home/kaiyuan/XLP/token-level/download//udpos/udpos_processed_maxlen128/ru/test.xlm-mlm-xnli15-1024.idx exist
/home/kaiyuan/XLP/token-level/download//udpos/dev-th.tsv does not exist
finish preprocessing /home/kaiyuan/XLP/token-level/download//udpos/udpos_processed_maxlen128/th/dev.xlm-mlm-xnli15-1024
/home/kaiyuan/XLP/token-level/download//udpos/udpos_processed_maxlen128/th/test.xlm-mlm-xnli15-1024 and /home/kaiyuan/XLP/token-level/download//udpos/udpos_processed_maxlen128/th/test.xlm-mlm-xnli15-1024.idx exist
/home/kaiyuan/XLP/token-level/download//udpos/udpos_processed_maxlen128/tr/dev.xlm-mlm-xnli15-1024 and /home/kaiyuan/XLP/token-level/download//udpos/udpos_processed_maxlen128/tr/dev.xlm-mlm-xnli15-1024.idx exist
/home/kaiyuan/XLP/token-level/download//udpos/udpos_processed_maxlen128/tr/test.xlm-mlm-xnli15-1024 and /home/kaiyuan/XLP/token-level/download//udpos/udpos_processed_maxlen128/tr/test.xlm-mlm-xnli15-1024.idx exist
/home/kaiyuan/XLP/token-level/download//udpos/udpos_processed_maxlen128/ur/dev.xlm-mlm-xnli15-1024 and /home/kaiyuan/XLP/token-level/download//udpos/udpos_processed_maxlen128/ur/dev.xlm-mlm-xnli15-1024.idx exist
/home/kaiyuan/XLP/token-level/download//udpos/udpos_processed_maxlen128/ur/test.xlm-mlm-xnli15-1024 and /home/kaiyuan/XLP/token-level/download//udpos/udpos_processed_maxlen128/ur/test.xlm-mlm-xnli15-1024.idx exist
/home/kaiyuan/XLP/token-level/download//udpos/udpos_processed_maxlen128/vi/dev.xlm-mlm-xnli15-1024 and /home/kaiyuan/XLP/token-level/download//udpos/udpos_processed_maxlen128/vi/dev.xlm-mlm-xnli15-1024.idx exist
/home/kaiyuan/XLP/token-level/download//udpos/udpos_processed_maxlen128/vi/test.xlm-mlm-xnli15-1024 and /home/kaiyuan/XLP/token-level/download//udpos/udpos_processed_maxlen128/vi/test.xlm-mlm-xnli15-1024.idx exist
/home/kaiyuan/XLP/token-level/download//udpos/udpos_processed_maxlen128/zh/dev.xlm-mlm-xnli15-1024 and /home/kaiyuan/XLP/token-level/download//udpos/udpos_processed_maxlen128/zh/dev.xlm-mlm-xnli15-1024.idx exist
/home/kaiyuan/XLP/token-level/download//udpos/udpos_processed_maxlen128/zh/test.xlm-mlm-xnli15-1024 and /home/kaiyuan/XLP/token-level/download//udpos/udpos_processed_maxlen128/zh/test.xlm-mlm-xnli15-1024.idx exist
/home/kaiyuan/XLP/token-level/download//udpos/udpos_processed_maxlen128/ar/dev.xlm-mlm-xnli15-1024 and /home/kaiyuan/XLP/token-level/download//udpos/udpos_processed_maxlen128/ar/dev.xlm-mlm-xnli15-1024.idx exist
/home/kaiyuan/XLP/token-level/download//udpos/udpos_processed_maxlen128/ar/test.xlm-mlm-xnli15-1024 and /home/kaiyuan/XLP/token-level/download//udpos/udpos_processed_maxlen128/ar/test.xlm-mlm-xnli15-1024.idx exist
/home/kaiyuan/XLP/token-level/download//udpos/udpos_processed_maxlen128/bg/dev.xlm-mlm-xnli15-1024 and /home/kaiyuan/XLP/token-level/download//udpos/udpos_processed_maxlen128/bg/dev.xlm-mlm-xnli15-1024.idx exist
/home/kaiyuan/XLP/token-level/download//udpos/udpos_processed_maxlen128/bg/test.xlm-mlm-xnli15-1024 and /home/kaiyuan/XLP/token-level/download//udpos/udpos_processed_maxlen128/bg/test.xlm-mlm-xnli15-1024.idx exist
/home/kaiyuan/XLP/token-level/download//udpos/udpos_processed_maxlen128/de/dev.xlm-mlm-xnli15-1024 and /home/kaiyuan/XLP/token-level/download//udpos/udpos_processed_maxlen128/de/dev.xlm-mlm-xnli15-1024.idx exist
/home/kaiyuan/XLP/token-level/download//udpos/udpos_processed_maxlen128/de/test.xlm-mlm-xnli15-1024 and /home/kaiyuan/XLP/token-level/download//udpos/udpos_processed_maxlen128/de/test.xlm-mlm-xnli15-1024.idx exist
/home/kaiyuan/XLP/token-level/download//udpos/udpos_processed_maxlen128/el/dev.xlm-mlm-xnli15-1024 and /home/kaiyuan/XLP/token-level/download//udpos/udpos_processed_maxlen128/el/dev.xlm-mlm-xnli15-1024.idx exist
/home/kaiyuan/XLP/token-level/download//udpos/udpos_processed_maxlen128/el/test.xlm-mlm-xnli15-1024 and /home/kaiyuan/XLP/token-level/download//udpos/udpos_processed_maxlen128/el/test.xlm-mlm-xnli15-1024.idx exist
/home/kaiyuan/XLP/token-level/download//udpos/udpos_processed_maxlen128/en/dev.xlm-mlm-xnli15-1024 and /home/kaiyuan/XLP/token-level/download//udpos/udpos_processed_maxlen128/en/dev.xlm-mlm-xnli15-1024.idx exist
/home/kaiyuan/XLP/token-level/download//udpos/udpos_processed_maxlen128/en/test.xlm-mlm-xnli15-1024 and /home/kaiyuan/XLP/token-level/download//udpos/udpos_processed_maxlen128/en/test.xlm-mlm-xnli15-1024.idx exist
/home/kaiyuan/XLP/token-level/download//udpos/udpos_processed_maxlen128/en/train.xlm-mlm-xnli15-1024 and /home/kaiyuan/XLP/token-level/download//udpos/udpos_processed_maxlen128/en/train.xlm-mlm-xnli15-1024.idx exist
/home/kaiyuan/XLP/token-level/download//udpos/udpos_processed_maxlen128/es/dev.xlm-mlm-xnli15-1024 and /home/kaiyuan/XLP/token-level/download//udpos/udpos_processed_maxlen128/es/dev.xlm-mlm-xnli15-1024.idx exist
/home/kaiyuan/XLP/token-level/download//udpos/udpos_processed_maxlen128/es/test.xlm-mlm-xnli15-1024 and /home/kaiyuan/XLP/token-level/download//udpos/udpos_processed_maxlen128/es/test.xlm-mlm-xnli15-1024.idx exist
/home/kaiyuan/XLP/token-level/download//udpos/udpos_processed_maxlen128/fr/dev.xlm-mlm-xnli15-1024 and /home/kaiyuan/XLP/token-level/download//udpos/udpos_processed_maxlen128/fr/dev.xlm-mlm-xnli15-1024.idx exist
/home/kaiyuan/XLP/token-level/download//udpos/udpos_processed_maxlen128/fr/test.xlm-mlm-xnli15-1024 and /home/kaiyuan/XLP/token-level/download//udpos/udpos_processed_maxlen128/fr/test.xlm-mlm-xnli15-1024.idx exist
/home/kaiyuan/XLP/token-level/download//udpos/udpos_processed_maxlen128/hi/dev.xlm-mlm-xnli15-1024 and /home/kaiyuan/XLP/token-level/download//udpos/udpos_processed_maxlen128/hi/dev.xlm-mlm-xnli15-1024.idx exist
/home/kaiyuan/XLP/token-level/download//udpos/udpos_processed_maxlen128/hi/test.xlm-mlm-xnli15-1024 and /home/kaiyuan/XLP/token-level/download//udpos/udpos_processed_maxlen128/hi/test.xlm-mlm-xnli15-1024.idx exist
/home/kaiyuan/XLP/token-level/download//udpos/udpos_processed_maxlen128/ru/dev.xlm-mlm-xnli15-1024 and /home/kaiyuan/XLP/token-level/download//udpos/udpos_processed_maxlen128/ru/dev.xlm-mlm-xnli15-1024.idx exist
/home/kaiyuan/XLP/token-level/download//udpos/udpos_processed_maxlen128/ru/test.xlm-mlm-xnli15-1024 and /home/kaiyuan/XLP/token-level/download//udpos/udpos_processed_maxlen128/ru/test.xlm-mlm-xnli15-1024.idx exist
/home/kaiyuan/XLP/token-level/download//udpos/dev-th.tsv does not exist
finish preprocessing /home/kaiyuan/XLP/token-level/download//udpos/udpos_processed_maxlen128/th/dev.xlm-mlm-xnli15-1024
/home/kaiyuan/XLP/token-level/download//udpos/udpos_processed_maxlen128/th/test.xlm-mlm-xnli15-1024 and /home/kaiyuan/XLP/token-level/download//udpos/udpos_processed_maxlen128/th/test.xlm-mlm-xnli15-1024.idx exist
/home/kaiyuan/XLP/token-level/download//udpos/udpos_processed_maxlen128/tr/dev.xlm-mlm-xnli15-1024 and /home/kaiyuan/XLP/token-level/download//udpos/udpos_processed_maxlen128/tr/dev.xlm-mlm-xnli15-1024.idx exist
/home/kaiyuan/XLP/token-level/download//udpos/udpos_processed_maxlen128/tr/test.xlm-mlm-xnli15-1024 and /home/kaiyuan/XLP/token-level/download//udpos/udpos_processed_maxlen128/tr/test.xlm-mlm-xnli15-1024.idx exist
/home/kaiyuan/XLP/token-level/download//udpos/udpos_processed_maxlen128/ur/dev.xlm-mlm-xnli15-1024 and /home/kaiyuan/XLP/token-level/download//udpos/udpos_processed_maxlen128/ur/dev.xlm-mlm-xnli15-1024.idx exist
/home/kaiyuan/XLP/token-level/download//udpos/udpos_processed_maxlen128/ur/test.xlm-mlm-xnli15-1024 and /home/kaiyuan/XLP/token-level/download//udpos/udpos_processed_maxlen128/ur/test.xlm-mlm-xnli15-1024.idx exist
/home/kaiyuan/XLP/token-level/download//udpos/udpos_processed_maxlen128/vi/dev.xlm-mlm-xnli15-1024 and /home/kaiyuan/XLP/token-level/download//udpos/udpos_processed_maxlen128/vi/dev.xlm-mlm-xnli15-1024.idx exist
/home/kaiyuan/XLP/token-level/download//udpos/udpos_processed_maxlen128/vi/test.xlm-mlm-xnli15-1024 and /home/kaiyuan/XLP/token-level/download//udpos/udpos_processed_maxlen128/vi/test.xlm-mlm-xnli15-1024.idx exist
/home/kaiyuan/XLP/token-level/download//udpos/udpos_processed_maxlen128/zh/dev.xlm-mlm-xnli15-1024 and /home/kaiyuan/XLP/token-level/download//udpos/udpos_processed_maxlen128/zh/dev.xlm-mlm-xnli15-1024.idx exist
/home/kaiyuan/XLP/token-level/download//udpos/udpos_processed_maxlen128/zh/test.xlm-mlm-xnli15-1024 and /home/kaiyuan/XLP/token-level/download//udpos/udpos_processed_maxlen128/zh/test.xlm-mlm-xnli15-1024.idx exist
